
2026-1-7-0-17-42

[RUN] Execution object: ../release/T-MSAG
[PARAM] Modal1 base path: ../doc/dataset/celeba/test/resnet50_encode/celeba_modal1_base.fvecs
[PARAM] Modal2 base path: ../doc/dataset/celeba/test/celeba_modal2_base.ivecs
[PARAM] Index path: ../doc/index/celeba/celeba_MSAG.index
[PARAM] thread number: 64
[PARAM] Modal1 distance weight: -0.084799
[PARAM] Modal2 distance weight: -1.185460
[PARAM] L_candidate: 100
[PARAM] R_neighbor: 30
[PARAM] C_neighbor: 200
[PARAM] k_init_graph: 100
[PARAM] nn_size: 50
[PARAM] rnn_size: 25
[PARAM] pool_size: 200
[PARAM] iter time: 8
[PARAM] sample number: 100
[PARAM] graph quality threshold: 0.8
[PARAM] is norm for modal1?: 1
[PARAM] is norm for modal2?: 1
[PARAM] is skip number for modal2?: 1
[PARAM] skip number for modal2?: 0
[EXEC] config_model init begin ...
[EXEC] config_model init finished, error code is 0 ...
[EXEC] config_npg init begin ...
[EXEC] config_npg init finished, error code is 0 ...
[EXEC] build init begin ...
[EXEC] c1_nssg init begin ...
[EXEC] normalize vector complete!
[EXEC] normalize vector complete!
[PATH] modal 1 vector path: ../doc/dataset/celeba/test/resnet50_encode/celeba_modal1_base.fvecs
[PATH] modal 2 vector path: ../doc/dataset/celeba/test/celeba_modal2_base.ivecs
[PARAM] vector num: 19962
[PARAM] modal 1 vector dim: 2048
[PARAM] modal 2 vector dim: 40
[EXEC] c1_nssg init finished, error code is 0 ...
[EXEC] c2_nssg init begin ...
[EXEC] c2_nssg init finished, error code is 0 ...
[EXEC] c3_nsg init begin ...
[EXEC] c3_nsg init finished, error code is 0 ...
[EXEC] build init finished, error code is 0 ...
[EXEC] save_index init begin ...
[EXEC] save_index init finished, error code is 0 ...
[EXEC] config_npg run begin ...
[TIME] config_npg time cost is : 0.00 ms
[EXEC] config_npg run finished, error code is 0 ...
[EXEC] config_model run begin ...
[TIME] config_model time cost is : 0.00 ms
[EXEC] config_model run finished, error code is 0 ...
[EXEC] build run begin ...
[EXEC] c1_nssg run begin ...
[NNDESCENT] iter: 0, graph quality: 0.374000
[NNDESCENT] iter: 1, graph quality: 0.989700
[OPENMP] nndescent openmp init complete!
[TIME] c1_nssg time cost is : 186546.09 ms
[EXEC] c1_nssg run finished, error code is 0 ...
[EXEC] c2_nssg run begin ...
[TIME] c2_nssg time cost is : 34.18 ms
[EXEC] c2_nssg run finished, error code is 0 ...
[EXEC] c3_nsg run begin ...
[TIME] c3_nsg time cost is : 2040.89 ms
[EXEC] c3_nsg run finished, error code is 0 ...
[TIME] build time cost is : 188621.19 ms
[EXEC] build run finished, error code is 0 ...
[EXEC] save_index run begin ...
[TIME] save_index time cost is : 0.00 ms
[EXEC] save_index run finished, error code is 0 ...
[EXEC] config_model destroy begin ...
[EXEC] config_model destroy finished, error code is 0 ...
[EXEC] config_npg destroy begin ...
[EXEC] config_npg destroy finished, error code is 0 ...
[EXEC] build destroy begin ...
[EXEC] c1_nssg destroy begin ...
[EXEC] c1_nssg destroy finished, error code is 0 ...
[EXEC] c2_nssg destroy begin ...
[EXEC] c2_nssg destroy finished, error code is 0 ...
[EXEC] c3_nsg destroy begin ...
[EXEC] c3_nsg destroy finished, error code is 0 ...
[EXEC] build destroy finished, error code is 0 ...
[EXEC] save_index destroy begin ...
[EXEC] save_index destroy finished, error code is 0 ...

2026-1-7-0-42-58

[RUN] Execution object: ../release/T-MSAG
[PARAM] Modal1 base path: ../doc/dataset/celeba/test/resnet50_encode/celeba_modal1_base.fvecs
[PARAM] Modal2 base path: ../doc/dataset/celeba/test/celeba_modal2_base.ivecs
[PARAM] Index path: ../doc/index/celeba/celeba_MSAG.index
[PARAM] thread number: 64
[PARAM] Modal1 distance weight: -0.084799
[PARAM] Modal2 distance weight: -1.185460
[PARAM] L_candidate: 100
[PARAM] R_neighbor: 30
[PARAM] C_neighbor: 200
[PARAM] k_init_graph: 100
[PARAM] nn_size: 50
[PARAM] rnn_size: 25
[PARAM] pool_size: 200
[PARAM] iter time: 8
[PARAM] sample number: 100
[PARAM] graph quality threshold: 0.8
[PARAM] is norm for modal1?: 1
[PARAM] is norm for modal2?: 1
[PARAM] is skip number for modal2?: 1
[PARAM] skip number for modal2?: 0
[EXEC] config_model init begin ...
[EXEC] config_model init finished, error code is 0 ...
[EXEC] config_npg init begin ...
[EXEC] config_npg init finished, error code is 0 ...
[EXEC] build init begin ...
[EXEC] c1_nssg init begin ...
[EXEC] normalize vector complete!
[EXEC] normalize vector complete!
[PATH] modal 1 vector path: ../doc/dataset/celeba/test/resnet50_encode/celeba_modal1_base.fvecs
[PATH] modal 2 vector path: ../doc/dataset/celeba/test/celeba_modal2_base.ivecs
[PARAM] vector num: 19962
[PARAM] modal 1 vector dim: 2048
[PARAM] modal 2 vector dim: 40
[EXEC] c1_nssg init finished, error code is 0 ...
[EXEC] c2_nssg init begin ...
[EXEC] c2_nssg init finished, error code is 0 ...
[EXEC] c3_nsg init begin ...
[EXEC] c3_nsg init finished, error code is 0 ...
[EXEC] build init finished, error code is 0 ...
[EXEC] save_index init begin ...
[EXEC] save_index init finished, error code is 0 ...
[EXEC] config_npg run begin ...
[TIME] config_npg time cost is : 0.02 ms
[EXEC] config_npg run finished, error code is 0 ...
[EXEC] config_model run begin ...
[TIME] config_model time cost is : 0.00 ms
[EXEC] config_model run finished, error code is 0 ...
[EXEC] build run begin ...
[EXEC] c1_nssg run begin ...
[NNDESCENT] iter: 0, graph quality: 0.366500
[NNDESCENT] iter: 1, graph quality: 0.989800
[OPENMP] nndescent openmp init complete!
[TIME] c1_nssg time cost is : 143312.83 ms
[EXEC] c1_nssg run finished, error code is 0 ...
[EXEC] c2_nssg run begin ...
[TIME] c2_nssg time cost is : 52.11 ms
[EXEC] c2_nssg run finished, error code is 0 ...
[EXEC] c3_nsg run begin ...
[TIME] c3_nsg time cost is : 1818.97 ms
[EXEC] c3_nsg run finished, error code is 0 ...
[TIME] build time cost is : 145183.93 ms
[EXEC] build run finished, error code is 0 ...
[EXEC] save_index run begin ...
[TIME] save_index time cost is : 0.00 ms
[EXEC] save_index run finished, error code is 0 ...
[EXEC] config_model destroy begin ...
[EXEC] config_model destroy finished, error code is 0 ...
[EXEC] config_npg destroy begin ...
[EXEC] config_npg destroy finished, error code is 0 ...
[EXEC] build destroy begin ...
[EXEC] c1_nssg destroy begin ...
[EXEC] c1_nssg destroy finished, error code is 0 ...
[EXEC] c2_nssg destroy begin ...
[EXEC] c2_nssg destroy finished, error code is 0 ...
[EXEC] c3_nsg destroy begin ...
[EXEC] c3_nsg destroy finished, error code is 0 ...
[EXEC] build destroy finished, error code is 0 ...
[EXEC] save_index destroy begin ...
[EXEC] save_index destroy finished, error code is 0 ...

2026-1-7-1-30-49

[RUN] Execution object: ../release/T-MSAG
[PARAM] Modal1 base path: ../doc/dataset/celeba/test/resnet50_encode/celeba_modal1_base.fvecs
[PARAM] Modal2 base path: ../doc/dataset/celeba/test/celeba_modal2_base.ivecs
[PARAM] Index path: ../doc/index/celeba/celeba_MSAG.index
[PARAM] thread number: 64
[PARAM] Modal1 distance weight: -0.084799
[PARAM] Modal2 distance weight: -1.185460
[PARAM] L_candidate: 100
[PARAM] R_neighbor: 30
[PARAM] C_neighbor: 200
[PARAM] k_init_graph: 100
[PARAM] nn_size: 50
[PARAM] rnn_size: 25
[PARAM] pool_size: 200
[PARAM] iter time: 8
[PARAM] sample number: 100
[PARAM] graph quality threshold: 0.8
[PARAM] is norm for modal1?: 1
[PARAM] is norm for modal2?: 1
[PARAM] is skip number for modal2?: 1
[PARAM] skip number for modal2?: 0
[EXEC] config_model init begin ...
[EXEC] config_model init finished, error code is 0 ...
[EXEC] config_npg init begin ...
[EXEC] config_npg init finished, error code is 0 ...
[EXEC] build init begin ...
[EXEC] c1_nssg init begin ...
[EXEC] normalize vector complete!
[EXEC] normalize vector complete!
[PATH] modal 1 vector path: ../doc/dataset/celeba/test/resnet50_encode/celeba_modal1_base.fvecs
[PATH] modal 2 vector path: ../doc/dataset/celeba/test/celeba_modal2_base.ivecs
[PARAM] vector num: 19962
[PARAM] modal 1 vector dim: 2048
[PARAM] modal 2 vector dim: 40
[EXEC] c1_nssg init finished, error code is 0 ...
[EXEC] c2_nssg init begin ...
[EXEC] c2_nssg init finished, error code is 0 ...
[EXEC] c3_nsg init begin ...
[EXEC] c3_nsg init finished, error code is 0 ...
[EXEC] build init finished, error code is 0 ...
[EXEC] save_index init begin ...
[EXEC] save_index init finished, error code is 0 ...
[EXEC] config_npg run begin ...
[TIME] config_npg time cost is : 0.01 ms
[EXEC] config_npg run finished, error code is 0 ...
[EXEC] config_model run begin ...
[TIME] config_model time cost is : 0.00 ms
[EXEC] config_model run finished, error code is 0 ...
[EXEC] build run begin ...
[EXEC] c1_nssg run begin ...
[NNDESCENT] iter: 0, graph quality: 0.365000
[NNDESCENT] iter: 1, graph quality: 0.972400
[OPENMP] nndescent openmp init complete!
[TIME] c1_nssg time cost is : 334047.08 ms
[EXEC] c1_nssg run finished, error code is 0 ...
[EXEC] c2_nssg run begin ...
[TIME] c2_nssg time cost is : 1062.22 ms
[EXEC] c2_nssg run finished, error code is 0 ...
[EXEC] c3_nsg run begin ...
[TIME] c3_nsg time cost is : 4124.82 ms
[EXEC] c3_nsg run finished, error code is 0 ...
[TIME] build time cost is : 339234.61 ms
[EXEC] build run finished, error code is 0 ...
[EXEC] save_index run begin ...
[TIME] save_index time cost is : 0.00 ms
[EXEC] save_index run finished, error code is 0 ...
[EXEC] config_model destroy begin ...
[EXEC] config_model destroy finished, error code is 0 ...
[EXEC] config_npg destroy begin ...
[EXEC] config_npg destroy finished, error code is 0 ...
[EXEC] build destroy begin ...
[EXEC] c1_nssg destroy begin ...
[EXEC] c1_nssg destroy finished, error code is 0 ...
[EXEC] c2_nssg destroy begin ...
[EXEC] c2_nssg destroy finished, error code is 0 ...
[EXEC] c3_nsg destroy begin ...
[EXEC] c3_nsg destroy finished, error code is 0 ...
[EXEC] build destroy finished, error code is 0 ...
[EXEC] save_index destroy begin ...
[EXEC] save_index destroy finished, error code is 0 ...

2026-1-7-2-20-45

[RUN] Execution object: ../release/T-MSAG
[PARAM] Modal1 base path: ../doc/dataset/celeba/test/resnet50_encode/celeba_modal1_base.fvecs
[PARAM] Modal2 base path: ../doc/dataset/celeba/test/celeba_modal2_base.ivecs
[PARAM] Index path: ../doc/index/celeba/celeba_MSAG.index
[PARAM] thread number: 64
[PARAM] Modal1 distance weight: -0.084799
[PARAM] Modal2 distance weight: -1.185460
[PARAM] L_candidate: 100
[PARAM] R_neighbor: 30
[PARAM] C_neighbor: 200
[PARAM] k_init_graph: 100
[PARAM] nn_size: 50
[PARAM] rnn_size: 25
[PARAM] pool_size: 200
[PARAM] iter time: 8
[PARAM] sample number: 100
[PARAM] graph quality threshold: 0.8
[PARAM] is norm for modal1?: 1
[PARAM] is norm for modal2?: 1
[PARAM] is skip number for modal2?: 1
[PARAM] skip number for modal2?: 0
[EXEC] config_model init begin ...
[EXEC] config_model init finished, error code is 0 ...
[EXEC] config_npg init begin ...
[EXEC] config_npg init finished, error code is 0 ...
[EXEC] build init begin ...
[EXEC] c1_nssg init begin ...
[EXEC] normalize vector complete!
[EXEC] normalize vector complete!
[PATH] modal 1 vector path: ../doc/dataset/celeba/test/resnet50_encode/celeba_modal1_base.fvecs
[PATH] modal 2 vector path: ../doc/dataset/celeba/test/celeba_modal2_base.ivecs
[PARAM] vector num: 19962
[PARAM] modal 1 vector dim: 2048
[PARAM] modal 2 vector dim: 40
[EXEC] c1_nssg init finished, error code is 0 ...
[EXEC] c2_nssg init begin ...
[EXEC] c2_nssg init finished, error code is 0 ...
[EXEC] c3_nsg init begin ...
[EXEC] c3_nsg init finished, error code is 0 ...
[EXEC] build init finished, error code is 0 ...
[EXEC] save_index init begin ...
[EXEC] save_index init finished, error code is 0 ...
[EXEC] config_npg run begin ...
[TIME] config_npg time cost is : 0.03 ms
[EXEC] config_npg run finished, error code is 0 ...
[EXEC] config_model run begin ...
[TIME] config_model time cost is : 0.00 ms
[EXEC] config_model run finished, error code is 0 ...
[EXEC] build run begin ...
[EXEC] c1_nssg run begin ...
[NNDESCENT] iter: 0, graph quality: 0.388100
[NNDESCENT] iter: 1, graph quality: 0.979600
[OPENMP] nndescent openmp init complete!
[TIME] c1_nssg time cost is : 353686.58 ms
[EXEC] c1_nssg run finished, error code is 0 ...
[EXEC] c2_nssg run begin ...
[TIME] c2_nssg time cost is : 135.22 ms
[EXEC] c2_nssg run finished, error code is 0 ...
[EXEC] c3_nsg run begin ...
[TIME] c3_nsg time cost is : 4417.33 ms
[EXEC] c3_nsg run finished, error code is 0 ...
[TIME] build time cost is : 358240.68 ms
[EXEC] build run finished, error code is 0 ...
[EXEC] save_index run begin ...
[TIME] save_index time cost is : 0.00 ms
[EXEC] save_index run finished, error code is 0 ...
[EXEC] config_model destroy begin ...
[EXEC] config_model destroy finished, error code is 0 ...
[EXEC] config_npg destroy begin ...
[EXEC] config_npg destroy finished, error code is 0 ...
[EXEC] build destroy begin ...
[EXEC] c1_nssg destroy begin ...
[EXEC] c1_nssg destroy finished, error code is 0 ...
[EXEC] c2_nssg destroy begin ...
[EXEC] c2_nssg destroy finished, error code is 0 ...
[EXEC] c3_nsg destroy begin ...
[EXEC] c3_nsg destroy finished, error code is 0 ...
[EXEC] build destroy finished, error code is 0 ...
[EXEC] save_index destroy begin ...
[EXEC] save_index destroy finished, error code is 0 ...

2026-1-7-2-29-14

[RUN] Execution object: ../release/T-MSAG
[PARAM] Modal1 base path: ../doc/dataset/celeba/test/resnet50_encode/celeba_modal1_base.fvecs
[PARAM] Modal2 base path: ../doc/dataset/celeba/test/celeba_modal2_base.ivecs
[PARAM] Index path: ../doc/index/celeba/celeba_MSAG.index
[PARAM] thread number: 64
[PARAM] Modal1 distance weight: -0.084799
[PARAM] Modal2 distance weight: -1.185460
[PARAM] L_candidate: 100
[PARAM] R_neighbor: 30
[PARAM] C_neighbor: 200
[PARAM] k_init_graph: 100
[PARAM] nn_size: 50
[PARAM] rnn_size: 25
[PARAM] pool_size: 200
[PARAM] iter time: 8
[PARAM] sample number: 100
[PARAM] graph quality threshold: 0.8
[PARAM] is norm for modal1?: 1
[PARAM] is norm for modal2?: 1
[PARAM] is skip number for modal2?: 1
[PARAM] skip number for modal2?: 0
[EXEC] config_model init begin ...
[EXEC] config_model init finished, error code is 0 ...
[EXEC] config_npg init begin ...
[EXEC] config_npg init finished, error code is 0 ...
[EXEC] build init begin ...
[EXEC] c1_nssg init begin ...
[EXEC] normalize vector complete!
[EXEC] normalize vector complete!
[PATH] modal 1 vector path: ../doc/dataset/celeba/test/resnet50_encode/celeba_modal1_base.fvecs
[PATH] modal 2 vector path: ../doc/dataset/celeba/test/celeba_modal2_base.ivecs
[PARAM] vector num: 19962
[PARAM] modal 1 vector dim: 2048
[PARAM] modal 2 vector dim: 40
[EXEC] c1_nssg init finished, error code is 0 ...
[EXEC] c2_nssg init begin ...
[EXEC] c2_nssg init finished, error code is 0 ...
[EXEC] c3_nsg init begin ...
[EXEC] c3_nsg init finished, error code is 0 ...
[EXEC] build init finished, error code is 0 ...
[EXEC] save_index init begin ...
[EXEC] save_index init finished, error code is 0 ...
[EXEC] config_npg run begin ...
[TIME] config_npg time cost is : 0.01 ms
[EXEC] config_npg run finished, error code is 0 ...
[EXEC] config_model run begin ...
[TIME] config_model time cost is : 0.00 ms
[EXEC] config_model run finished, error code is 0 ...
[EXEC] build run begin ...
[EXEC] c1_nssg run begin ...
[NNDESCENT] iter: 0, graph quality: 0.376400
[NNDESCENT] iter: 1, graph quality: 0.988800
[OPENMP] nndescent openmp init complete!
[TIME] c1_nssg time cost is : 401746.14 ms
[EXEC] c1_nssg run finished, error code is 0 ...
[EXEC] c2_nssg run begin ...
[TIME] c2_nssg time cost is : 99.53 ms
[EXEC] c2_nssg run finished, error code is 0 ...
[EXEC] c3_nsg run begin ...
[TIME] c3_nsg time cost is : 5003.32 ms
[EXEC] c3_nsg run finished, error code is 0 ...
[TIME] build time cost is : 406849.06 ms
[EXEC] build run finished, error code is 0 ...
[EXEC] save_index run begin ...
[TIME] save_index time cost is : 0.00 ms
[EXEC] save_index run finished, error code is 0 ...
[EXEC] config_model destroy begin ...
[EXEC] config_model destroy finished, error code is 0 ...
[EXEC] config_npg destroy begin ...
[EXEC] config_npg destroy finished, error code is 0 ...
[EXEC] build destroy begin ...
[EXEC] c1_nssg destroy begin ...
[EXEC] c1_nssg destroy finished, error code is 0 ...
[EXEC] c2_nssg destroy begin ...
[EXEC] c2_nssg destroy finished, error code is 0 ...
[EXEC] c3_nsg destroy begin ...
[EXEC] c3_nsg destroy finished, error code is 0 ...
[EXEC] build destroy finished, error code is 0 ...
[EXEC] save_index destroy begin ...
[EXEC] save_index destroy finished, error code is 0 ...
