
2026-1-3-20-29-43

[RUN] Execution object: ../release/T-MSAG
[PARAM] Modal1 base path: /Users/mac/github/MUST-main/uqv_syn/s_5/random_base_n100000_d32_c10_s5.fvecs
[PARAM] Modal2 base path: /Users/mac/github/MUST-main/uqv_syn/s_5/random_base_n100000_d32_c10_s5.fvecs
[PARAM] Index path: ../doc/index/uqv_syn/uqv_syn_MSAG.index
[PARAM] thread number: 64
[PARAM] Modal1 distance weight: -0.5
[PARAM] Modal2 distance weight: -0.5
[PARAM] L_candidate: 100
[PARAM] R_neighbor: 30
[PARAM] C_neighbor: 200
[PARAM] k_init_graph: 100
[PARAM] nn_size: 50
[PARAM] rnn_size: 25
[PARAM] pool_size: 200
[PARAM] iter time: 8
[PARAM] sample number: 100
[PARAM] graph quality threshold: 0.8
[PARAM] is norm for modal1?: 0
[PARAM] is norm for modal2?: 0
[PARAM] is skip number for modal2?: 0
[PARAM] skip number for modal2?: 0
[EXEC] config_model init begin ...
[EXEC] config_model init finished, error code is 0 ...
[EXEC] config_npg init begin ...
[EXEC] config_npg init finished, error code is 0 ...
[EXEC] build init begin ...
[EXEC] c1_nssg init begin ...
[PATH] modal 1 vector path: /Users/mac/github/MUST-main/uqv_syn/s_5/random_base_n100000_d32_c10_s5.fvecs
[PATH] modal 2 vector path: /Users/mac/github/MUST-main/uqv_syn/s_5/random_base_n100000_d32_c10_s5.fvecs
[PARAM] vector num: 100000
[PARAM] modal 1 vector dim: 32
[PARAM] modal 2 vector dim: 32
[EXEC] c1_nssg init finished, error code is 0 ...
[EXEC] c2_nssg init begin ...
[EXEC] c2_nssg init finished, error code is 0 ...
[EXEC] c3_nsg init begin ...
[EXEC] c3_nsg init finished, error code is 0 ...
[EXEC] build init finished, error code is 0 ...
[EXEC] save_index init begin ...
[EXEC] save_index init finished, error code is 0 ...
[EXEC] config_npg run begin ...
[TIME] config_npg time cost is : 0.00 ms
[EXEC] config_npg run finished, error code is 0 ...
[EXEC] config_model run begin ...
[TIME] config_model time cost is : 0.00 ms
[EXEC] config_model run finished, error code is 0 ...
[EXEC] build run begin ...
[EXEC] c1_nssg run begin ...
[NNDESCENT] iter: 0, graph quality: 0.088200
[NNDESCENT] iter: 1, graph quality: 0.968200
[OPENMP] nndescent openmp init complete!
[TIME] c1_nssg time cost is : 128462.10 ms
[EXEC] c1_nssg run finished, error code is 0 ...
[EXEC] c2_nssg run begin ...
[TIME] c2_nssg time cost is : 149.25 ms
[EXEC] c2_nssg run finished, error code is 0 ...
[EXEC] c3_nsg run begin ...
[TIME] c3_nsg time cost is : 1212.55 ms
[EXEC] c3_nsg run finished, error code is 0 ...
[TIME] build time cost is : 129823.92 ms
[EXEC] build run finished, error code is 0 ...
[EXEC] save_index run begin ...
[TIME] save_index time cost is : 0.00 ms
[EXEC] save_index run finished, error code is 0 ...
[EXEC] config_model destroy begin ...
[EXEC] config_model destroy finished, error code is 0 ...
[EXEC] config_npg destroy begin ...
[EXEC] config_npg destroy finished, error code is 0 ...
[EXEC] build destroy begin ...
[EXEC] c1_nssg destroy begin ...
[EXEC] c1_nssg destroy finished, error code is 0 ...
[EXEC] c2_nssg destroy begin ...
[EXEC] c2_nssg destroy finished, error code is 0 ...
[EXEC] c3_nsg destroy begin ...
[EXEC] c3_nsg destroy finished, error code is 0 ...
[EXEC] build destroy finished, error code is 0 ...
[EXEC] save_index destroy begin ...
[EXEC] save_index destroy finished, error code is 0 ...

2026-1-3-20-36-54

[RUN] Execution object: ../release/T-MSAG
[PARAM] Modal1 base path: /Users/mac/github/MUST-main/uqv_syn/s_5/random_base_n100000_d32_c10_s5.fvecs
[PARAM] Modal2 base path: /Users/mac/github/MUST-main/uqv_syn/s_5/random_base_n100000_d32_c10_s5.fvecs
[PARAM] Index path: ../doc/index/uqv_syn/uqv_syn_MSAG.index
[PARAM] thread number: 64
[PARAM] Modal1 distance weight: -0.5
[PARAM] Modal2 distance weight: -0.5
[PARAM] L_candidate: 100
[PARAM] R_neighbor: 30
[PARAM] C_neighbor: 200
[PARAM] k_init_graph: 100
[PARAM] nn_size: 50
[PARAM] rnn_size: 25
[PARAM] pool_size: 200
[PARAM] iter time: 8
[PARAM] sample number: 100
[PARAM] graph quality threshold: 0.8
[PARAM] is norm for modal1?: 0
[PARAM] is norm for modal2?: 0
[PARAM] is skip number for modal2?: 0
[PARAM] skip number for modal2?: 0
[EXEC] config_model init begin ...
[EXEC] config_model init finished, error code is 0 ...
[EXEC] config_npg init begin ...
[EXEC] config_npg init finished, error code is 0 ...
[EXEC] build init begin ...
[EXEC] c1_nssg init begin ...
[PATH] modal 1 vector path: /Users/mac/github/MUST-main/uqv_syn/s_5/random_base_n100000_d32_c10_s5.fvecs
[PATH] modal 2 vector path: /Users/mac/github/MUST-main/uqv_syn/s_5/random_base_n100000_d32_c10_s5.fvecs
[PARAM] vector num: 100000
[PARAM] modal 1 vector dim: 32
[PARAM] modal 2 vector dim: 32
[EXEC] c1_nssg init finished, error code is 0 ...
[EXEC] c2_nssg init begin ...
[EXEC] c2_nssg init finished, error code is 0 ...
[EXEC] c3_nsg init begin ...
[EXEC] c3_nsg init finished, error code is 0 ...
[EXEC] build init finished, error code is 0 ...
[EXEC] save_index init begin ...
[EXEC] save_index init finished, error code is 0 ...
[EXEC] config_npg run begin ...
[TIME] config_npg time cost is : 0.00 ms
[EXEC] config_npg run finished, error code is 0 ...
[EXEC] config_model run begin ...
[TIME] config_model time cost is : 0.00 ms
[EXEC] config_model run finished, error code is 0 ...
[EXEC] build run begin ...
[EXEC] c1_nssg run begin ...
[NNDESCENT] iter: 0, graph quality: 0.090400
[NNDESCENT] iter: 1, graph quality: 0.958800
[OPENMP] nndescent openmp init complete!
[TIME] c1_nssg time cost is : 106200.86 ms
[EXEC] c1_nssg run finished, error code is 0 ...
[EXEC] c2_nssg run begin ...
[TIME] c2_nssg time cost is : 199.36 ms
[EXEC] c2_nssg run finished, error code is 0 ...
[EXEC] c3_nsg run begin ...
[TIME] c3_nsg time cost is : 764.37 ms
[EXEC] c3_nsg run finished, error code is 0 ...
[TIME] build time cost is : 107164.61 ms
[EXEC] build run finished, error code is 0 ...
[EXEC] save_index run begin ...
[TIME] save_index time cost is : 0.00 ms
[EXEC] save_index run finished, error code is 0 ...
[EXEC] config_model destroy begin ...
[EXEC] config_model destroy finished, error code is 0 ...
[EXEC] config_npg destroy begin ...
[EXEC] config_npg destroy finished, error code is 0 ...
[EXEC] build destroy begin ...
[EXEC] c1_nssg destroy begin ...
[EXEC] c1_nssg destroy finished, error code is 0 ...
[EXEC] c2_nssg destroy begin ...
[EXEC] c2_nssg destroy finished, error code is 0 ...
[EXEC] c3_nsg destroy begin ...
[EXEC] c3_nsg destroy finished, error code is 0 ...
[EXEC] build destroy finished, error code is 0 ...
[EXEC] save_index destroy begin ...
[EXEC] save_index destroy finished, error code is 0 ...

2026-1-3-22-4-17

[RUN] Execution object: ../release/T-MSAG
[PARAM] Modal1 base path: /Users/mac/github/MUST-main/uqv_syn/s_5/random_base_n100000_d32_c10_s5.fvecs
[PARAM] Modal2 base path: /Users/mac/github/MUST-main/uqv_syn/s_5/random_base_n100000_d32_c10_s5.fvecs
[PARAM] Index path: ../doc/index/uqv_syn/uqv_syn_MSAG.index
[PARAM] thread number: 64
[PARAM] Modal1 distance weight: -0.5
[PARAM] Modal2 distance weight: -0.5
[PARAM] L_candidate: 100
[PARAM] R_neighbor: 30
[PARAM] C_neighbor: 200
[PARAM] k_init_graph: 100
[PARAM] nn_size: 50
[PARAM] rnn_size: 25
[PARAM] pool_size: 200
[PARAM] iter time: 8
[PARAM] sample number: 100
[PARAM] graph quality threshold: 0.8
[PARAM] is norm for modal1?: 0
[PARAM] is norm for modal2?: 0
[PARAM] is skip number for modal2?: 0
[PARAM] skip number for modal2?: 0

2026-1-3-22-7-15

[RUN] Execution object: ../release/T-MSAG
[PARAM] Modal1 base path: /Users/mac/github/MUST-main/uqv_syn/s_5/random_base_n100000_d32_c10_s5.fvecs
[PARAM] Modal2 base path: /Users/mac/github/MUST-main/uqv_syn/s_5/random_base_n100000_d32_c10_s5.fvecs
[PARAM] Index path: ../doc/index/uqv_syn/uqv_syn_MSAG.index
[PARAM] thread number: 1
[PARAM] Modal1 distance weight: -0.5
[PARAM] Modal2 distance weight: -0.5
[PARAM] L_candidate: 100
[PARAM] R_neighbor: 30
[PARAM] C_neighbor: 200
[PARAM] k_init_graph: 100
[PARAM] nn_size: 50
[PARAM] rnn_size: 25
[PARAM] pool_size: 200
[PARAM] iter time: 8
[PARAM] sample number: 100
[PARAM] graph quality threshold: 0.8
[PARAM] is norm for modal1?: 0
[PARAM] is norm for modal2?: 0
[PARAM] is skip number for modal2?: 0
[PARAM] skip number for modal2?: 0
[EXEC] config_model init begin ...
[EXEC] config_model init finished, error code is 0 ...
[EXEC] config_npg init begin ...
[EXEC] config_npg init finished, error code is 0 ...
[EXEC] build init begin ...
[EXEC] c1_nssg init begin ...
[PATH] modal 1 vector path: /Users/mac/github/MUST-main/uqv_syn/s_5/random_base_n100000_d32_c10_s5.fvecs
[PATH] modal 2 vector path: /Users/mac/github/MUST-main/uqv_syn/s_5/random_base_n100000_d32_c10_s5.fvecs
[PARAM] vector num: 100000
[PARAM] modal 1 vector dim: 32
[PARAM] modal 2 vector dim: 32
[EXEC] c1_nssg init finished, error code is 0 ...
[EXEC] c2_nssg init begin ...
[EXEC] c2_nssg init finished, error code is 0 ...
[EXEC] c3_nsg init begin ...
[EXEC] c3_nsg init finished, error code is 0 ...
[EXEC] build init finished, error code is 0 ...
[EXEC] save_index init begin ...
[EXEC] save_index init finished, error code is 0 ...
[EXEC] config_npg run begin ...
[TIME] config_npg time cost is : 0.01 ms
[EXEC] config_npg run finished, error code is 0 ...
[EXEC] config_model run begin ...
[TIME] config_model time cost is : 0.00 ms
[EXEC] config_model run finished, error code is 0 ...
[EXEC] build run begin ...
[EXEC] c1_nssg run begin ...
[NNDESCENT] iter: 0, graph quality: 0.093400
[NNDESCENT] iter: 1, graph quality: 0.962900
[OPENMP] nndescent openmp init complete!
[TIME] c1_nssg time cost is : 859661.04 ms
[EXEC] c1_nssg run finished, error code is 0 ...
[EXEC] c2_nssg run begin ...
[TIME] c2_nssg time cost is : 551.35 ms
[EXEC] c2_nssg run finished, error code is 0 ...
[EXEC] c3_nsg run begin ...
[TIME] c3_nsg time cost is : 8126.06 ms
[EXEC] c3_nsg run finished, error code is 0 ...
[TIME] build time cost is : 868338.51 ms
[EXEC] build run finished, error code is 0 ...
[EXEC] save_index run begin ...
[TIME] save_index time cost is : 0.00 ms
[EXEC] save_index run finished, error code is 0 ...
[EXEC] config_model destroy begin ...
[EXEC] config_model destroy finished, error code is 0 ...
[EXEC] config_npg destroy begin ...
[EXEC] config_npg destroy finished, error code is 0 ...
[EXEC] build destroy begin ...
[EXEC] c1_nssg destroy begin ...
[EXEC] c1_nssg destroy finished, error code is 0 ...
[EXEC] c2_nssg destroy begin ...
[EXEC] c2_nssg destroy finished, error code is 0 ...
[EXEC] c3_nsg destroy begin ...
[EXEC] c3_nsg destroy finished, error code is 0 ...
[EXEC] build destroy finished, error code is 0 ...
[EXEC] save_index destroy begin ...
[EXEC] save_index destroy finished, error code is 0 ...

2026-1-3-22-23-20

[RUN] Execution object: ../release/T-MSAG
[PARAM] Modal1 base path: /Users/mac/github/MUST-main/uqv_syn/s_5/random_base_n100000_d32_c10_s5.fvecs
[PARAM] Modal2 base path: /Users/mac/github/MUST-main/uqv_syn/s_5/random_base_n100000_d32_c10_s5.fvecs
[PARAM] Index path: ../doc/index/uqv_syn/uqv_syn_MSAG.index
[PARAM] thread number: 1
[PARAM] Modal1 distance weight: -0.5
[PARAM] Modal2 distance weight: -0.5
[PARAM] L_candidate: 100
[PARAM] R_neighbor: 30
[PARAM] C_neighbor: 200
[PARAM] k_init_graph: 100
[PARAM] nn_size: 50
[PARAM] rnn_size: 25
[PARAM] pool_size: 200
[PARAM] iter time: 8
[PARAM] sample number: 100
[PARAM] graph quality threshold: 0.8
[PARAM] is norm for modal1?: 0
[PARAM] is norm for modal2?: 0
[PARAM] is skip number for modal2?: 0
[PARAM] skip number for modal2?: 0
[EXEC] config_model init begin ...
[EXEC] config_model init finished, error code is 0 ...
[EXEC] config_npg init begin ...
[EXEC] config_npg init finished, error code is 0 ...
[EXEC] build init begin ...
[EXEC] c1_nssg init begin ...
[PATH] modal 1 vector path: /Users/mac/github/MUST-main/uqv_syn/s_5/random_base_n100000_d32_c10_s5.fvecs
[PATH] modal 2 vector path: /Users/mac/github/MUST-main/uqv_syn/s_5/random_base_n100000_d32_c10_s5.fvecs
[PARAM] vector num: 100000
[PARAM] modal 1 vector dim: 32
[PARAM] modal 2 vector dim: 32
[EXEC] c1_nssg init finished, error code is 0 ...
[EXEC] c2_nssg init begin ...
[EXEC] c2_nssg init finished, error code is 0 ...
[EXEC] c3_nsg init begin ...
[EXEC] c3_nsg init finished, error code is 0 ...
[EXEC] build init finished, error code is 0 ...
[EXEC] save_index init begin ...
[EXEC] save_index init finished, error code is 0 ...
[EXEC] config_npg run begin ...
[TIME] config_npg time cost is : 0.00 ms
[EXEC] config_npg run finished, error code is 0 ...
[EXEC] config_model run begin ...
[TIME] config_model time cost is : 0.00 ms
[EXEC] config_model run finished, error code is 0 ...
[EXEC] build run begin ...
[EXEC] c1_nssg run begin ...
[NNDESCENT] iter: 0, graph quality: 0.093400
[NNDESCENT] iter: 1, graph quality: 0.962900
[OPENMP] nndescent openmp init complete!
[TIME] c1_nssg time cost is : 473456.64 ms
[EXEC] c1_nssg run finished, error code is 0 ...
[EXEC] c2_nssg run begin ...
[TIME] c2_nssg time cost is : 642.46 ms
[EXEC] c2_nssg run finished, error code is 0 ...
[EXEC] c3_nsg run begin ...
[TIME] c3_nsg time cost is : 6413.53 ms
[EXEC] c3_nsg run finished, error code is 0 ...
[TIME] build time cost is : 480512.66 ms
[EXEC] build run finished, error code is 0 ...
[EXEC] save_index run begin ...
[TIME] save_index time cost is : 0.00 ms
[EXEC] save_index run finished, error code is 0 ...
[EXEC] config_model destroy begin ...
[EXEC] config_model destroy finished, error code is 0 ...
[EXEC] config_npg destroy begin ...
[EXEC] config_npg destroy finished, error code is 0 ...
[EXEC] build destroy begin ...
[EXEC] c1_nssg destroy begin ...
[EXEC] c1_nssg destroy finished, error code is 0 ...
[EXEC] c2_nssg destroy begin ...
[EXEC] c2_nssg destroy finished, error code is 0 ...
[EXEC] c3_nsg destroy begin ...
[EXEC] c3_nsg destroy finished, error code is 0 ...
[EXEC] build destroy finished, error code is 0 ...
[EXEC] save_index destroy begin ...
[EXEC] save_index destroy finished, error code is 0 ...

2026-1-3-22-54-29

[RUN] Execution object: ../release/T-MSAG
[PARAM] Modal1 base path: /Users/mac/github/MUST-main/uqv_syn/s_5/random_base_n100000_d32_c10_s5.fvecs
[PARAM] Modal2 base path: /Users/mac/github/MUST-main/uqv_syn/s_5/random_base_n100000_d32_c10_s5.fvecs
[PARAM] Index path: ../doc/index/uqv_syn/uqv_syn_MSAG.index
[PARAM] thread number: 1
[PARAM] Modal1 distance weight: -0.5
[PARAM] Modal2 distance weight: -0.5
[PARAM] L_candidate: 100
[PARAM] R_neighbor: 30
[PARAM] C_neighbor: 200
[PARAM] k_init_graph: 100
[PARAM] nn_size: 50
[PARAM] rnn_size: 25
[PARAM] pool_size: 200
[PARAM] iter time: 8
[PARAM] sample number: 100
[PARAM] graph quality threshold: 0.8
[PARAM] is norm for modal1?: 0
[PARAM] is norm for modal2?: 0
[PARAM] is skip number for modal2?: 0
[PARAM] skip number for modal2?: 0
[EXEC] config_model init begin ...
[EXEC] config_model init finished, error code is 0 ...
[EXEC] config_npg init begin ...
[EXEC] config_npg init finished, error code is 0 ...
[EXEC] build init begin ...
[EXEC] c1_nssg init begin ...
[PATH] modal 1 vector path: /Users/mac/github/MUST-main/uqv_syn/s_5/random_base_n100000_d32_c10_s5.fvecs
[PATH] modal 2 vector path: /Users/mac/github/MUST-main/uqv_syn/s_5/random_base_n100000_d32_c10_s5.fvecs
[PARAM] vector num: 100000
[PARAM] modal 1 vector dim: 32
[PARAM] modal 2 vector dim: 32
[EXEC] c1_nssg init finished, error code is 0 ...
[EXEC] c2_nssg init begin ...
[EXEC] c2_nssg init finished, error code is 0 ...
[EXEC] c3_nsg init begin ...
[EXEC] c3_nsg init finished, error code is 0 ...
[EXEC] build init finished, error code is 0 ...
[EXEC] save_index init begin ...
[EXEC] save_index init finished, error code is 0 ...
[EXEC] config_npg run begin ...
[TIME] config_npg time cost is : 0.00 ms
[EXEC] config_npg run finished, error code is 0 ...
[EXEC] config_model run begin ...
[TIME] config_model time cost is : 0.00 ms
[EXEC] config_model run finished, error code is 0 ...
[EXEC] build run begin ...
[EXEC] c1_nssg run begin ...
[NNDESCENT] iter: 0, graph quality: 0.093400
[NNDESCENT] iter: 1, graph quality: 0.962900
[OPENMP] nndescent openmp init complete!
[TIME] c1_nssg time cost is : 887846.73 ms
[EXEC] c1_nssg run finished, error code is 0 ...
[EXEC] c2_nssg run begin ...
[TIME] c2_nssg time cost is : 603.73 ms
[EXEC] c2_nssg run finished, error code is 0 ...
[EXEC] c3_nsg run begin ...
[TIME] c3_nsg time cost is : 7983.45 ms
[EXEC] c3_nsg run finished, error code is 0 ...
[TIME] build time cost is : 896433.94 ms
[EXEC] build run finished, error code is 0 ...
[EXEC] save_index run begin ...
[TIME] save_index time cost is : 0.00 ms
[EXEC] save_index run finished, error code is 0 ...
[EXEC] config_model destroy begin ...
[EXEC] config_model destroy finished, error code is 0 ...
[EXEC] config_npg destroy begin ...
[EXEC] config_npg destroy finished, error code is 0 ...
[EXEC] build destroy begin ...
[EXEC] c1_nssg destroy begin ...
[EXEC] c1_nssg destroy finished, error code is 0 ...
[EXEC] c2_nssg destroy begin ...
[EXEC] c2_nssg destroy finished, error code is 0 ...
[EXEC] c3_nsg destroy begin ...
[EXEC] c3_nsg destroy finished, error code is 0 ...
[EXEC] build destroy finished, error code is 0 ...
[EXEC] save_index destroy begin ...
[EXEC] save_index destroy finished, error code is 0 ...
