
2025-12-30-18-41-17

[RUN] Execution object: ../release/T-MSAG
[PARAM] Modal1 base path: ../doc/dataset/siftsmall/siftsmall_base.fvecs
[PARAM] Modal2 base path: ../doc/dataset/siftsmall/int_attribute_siftsmall_base.ivecs
[PARAM] Index path: ../doc/index/siftsmall/siftsmall_MSAG.index
[PARAM] thread number: 64
[PARAM] Modal1 distance weight: -0.5
[PARAM] Modal2 distance weight: -0.5
[PARAM] L_candidate: 100
[PARAM] R_neighbor: 100
[PARAM] C_neighbor: 200
[PARAM] k_init_graph: 100
[PARAM] nn_size: 50
[PARAM] rnn_size: 25
[PARAM] pool_size: 200
[PARAM] iter time: 8
[PARAM] sample number: 100
[PARAM] graph quality threshold: 0.8
[PARAM] is norm for modal1?: 1
[PARAM] is norm for modal2?: 0
[PARAM] is skip number for modal2?: 0
[PARAM] skip number for modal2?: 0
[EXEC] config_model init begin ...
[EXEC] config_model init finished, error code is 0 ...
[EXEC] config_npg init begin ...
[EXEC] config_npg init finished, error code is 0 ...
[EXEC] build init begin ...
[EXEC] c1_nssg init begin ...
[EXEC] normalize vector complete!
[PATH] modal 1 vector path: ../doc/dataset/siftsmall/siftsmall_base.fvecs
[PATH] modal 2 vector path: ../doc/dataset/siftsmall/int_attribute_siftsmall_base.ivecs
[PARAM] vector num: 10000
[PARAM] modal 1 vector dim: 128
[PARAM] modal 2 vector dim: 9
[EXEC] c1_nssg init finished, error code is 0 ...
[EXEC] c2_nssg init begin ...
[EXEC] c2_nssg init finished, error code is 0 ...
[EXEC] c3_nsg init begin ...
[EXEC] c3_nsg init finished, error code is 0 ...
[EXEC] build init finished, error code is 0 ...
[EXEC] save_index init begin ...
[EXEC] save_index init finished, error code is 0 ...
[EXEC] config_npg run begin ...
[TIME] config_npg time cost is : 0.02 ms
[EXEC] config_npg run finished, error code is 0 ...
[EXEC] config_model run begin ...
[TIME] config_model time cost is : 0.00 ms
[EXEC] config_model run finished, error code is 0 ...
[EXEC] build run begin ...
[EXEC] c1_nssg run begin ...
[NNDESCENT] iter: 0, graph quality: 0.590100
[NNDESCENT] iter: 1, graph quality: 0.978200
[OPENMP] nndescent openmp init complete!
[TIME] c1_nssg time cost is : 18326.75 ms
[EXEC] c1_nssg run finished, error code is 0 ...
[EXEC] c2_nssg run begin ...
[TIME] c2_nssg time cost is : 9.72 ms
[EXEC] c2_nssg run finished, error code is 0 ...
[EXEC] c3_nsg run begin ...
[TIME] c3_nsg time cost is : 1892.42 ms
[EXEC] c3_nsg run finished, error code is 0 ...
[TIME] build time cost is : 20228.91 ms
[EXEC] build run finished, error code is 0 ...
[EXEC] save_index run begin ...
[TIME] save_index time cost is : 0.00 ms
[EXEC] save_index run finished, error code is 0 ...
[EXEC] config_model destroy begin ...
[EXEC] config_model destroy finished, error code is 0 ...
[EXEC] config_npg destroy begin ...
[EXEC] config_npg destroy finished, error code is 0 ...
[EXEC] build destroy begin ...
[EXEC] c1_nssg destroy begin ...
[EXEC] c1_nssg destroy finished, error code is 0 ...
[EXEC] c2_nssg destroy begin ...
[EXEC] c2_nssg destroy finished, error code is 0 ...
[EXEC] c3_nsg destroy begin ...
[EXEC] c3_nsg destroy finished, error code is 0 ...
[EXEC] build destroy finished, error code is 0 ...
[EXEC] save_index destroy begin ...
[EXEC] save_index destroy finished, error code is 0 ...
