
2026-1-6-1-20-55

[RUN] Execution object: ../release/T-MSAG
[PARAM] Modal1 base path: ../doc/dataset/celeba/test/resnet50_encode/celeba_modal1_base.fvecs
[PARAM] Modal2 base path: ../doc/dataset/celeba/test/celeba_modal2_base.ivecs
[PARAM] Index path: ../doc/index/celeba/celeba_MSAG.index
[PARAM] thread number: 64
[PARAM] Modal1 distance weight: -0.084799
[PARAM] Modal2 distance weight: -1.185460
[PARAM] L_candidate: 100
[PARAM] R_neighbor: 30
[PARAM] C_neighbor: 200
[PARAM] k_init_graph: 100
[PARAM] nn_size: 50
[PARAM] rnn_size: 25
[PARAM] pool_size: 200
[PARAM] iter time: 8
[PARAM] sample number: 100
[PARAM] graph quality threshold: 0.8
[PARAM] is norm for modal1?: 1
[PARAM] is norm for modal2?: 0
[PARAM] is skip number for modal2?: 1
[PARAM] skip number for modal2?: 0
[EXEC] config_model init begin ...
[EXEC] config_model init finished, error code is 0 ...
[EXEC] config_npg init begin ...
[EXEC] config_npg init finished, error code is 0 ...
[EXEC] build init begin ...
[EXEC] c1_nssg init begin ...
[EXEC] normalize vector complete!
[PATH] modal 1 vector path: ../doc/dataset/celeba/test/resnet50_encode/celeba_modal1_base.fvecs
[PATH] modal 2 vector path: ../doc/dataset/celeba/test/celeba_modal2_base.ivecs
[PARAM] vector num: 19962
[PARAM] modal 1 vector dim: 2048
[PARAM] modal 2 vector dim: 40
[EXEC] c1_nssg init finished, error code is 0 ...
[EXEC] c2_nssg init begin ...
[EXEC] c2_nssg init finished, error code is 0 ...
[EXEC] c3_nsg init begin ...
[EXEC] c3_nsg init finished, error code is 0 ...
[EXEC] build init finished, error code is 0 ...
[EXEC] save_index init begin ...
[EXEC] save_index init finished, error code is 0 ...
[EXEC] config_npg run begin ...
[TIME] config_npg time cost is : 0.00 ms
[EXEC] config_npg run finished, error code is 0 ...
[EXEC] config_model run begin ...
[TIME] config_model time cost is : 0.00 ms
[EXEC] config_model run finished, error code is 0 ...
[EXEC] build run begin ...
[EXEC] c1_nssg run begin ...
[NNDESCENT] iter: 0, graph quality: 0.363600
[NNDESCENT] iter: 1, graph quality: 0.980700
[OPENMP] nndescent openmp init complete!
[TIME] c1_nssg time cost is : 158921.67 ms
[EXEC] c1_nssg run finished, error code is 0 ...
[EXEC] c2_nssg run begin ...
[TIME] c2_nssg time cost is : 45.69 ms
[EXEC] c2_nssg run finished, error code is 0 ...
[EXEC] c3_nsg run begin ...
[TIME] c3_nsg time cost is : 2071.20 ms
[EXEC] c3_nsg run finished, error code is 0 ...
[TIME] build time cost is : 161038.58 ms
[EXEC] build run finished, error code is 0 ...
[EXEC] save_index run begin ...
[TIME] save_index time cost is : 0.00 ms
[EXEC] save_index run finished, error code is 0 ...
[EXEC] config_model destroy begin ...
[EXEC] config_model destroy finished, error code is 0 ...
[EXEC] config_npg destroy begin ...
[EXEC] config_npg destroy finished, error code is 0 ...
[EXEC] build destroy begin ...
[EXEC] c1_nssg destroy begin ...
[EXEC] c1_nssg destroy finished, error code is 0 ...
[EXEC] c2_nssg destroy begin ...
[EXEC] c2_nssg destroy finished, error code is 0 ...
[EXEC] c3_nsg destroy begin ...
[EXEC] c3_nsg destroy finished, error code is 0 ...
[EXEC] build destroy finished, error code is 0 ...
[EXEC] save_index destroy begin ...
[EXEC] save_index destroy finished, error code is 0 ...

2026-1-6-1-59-14

[RUN] Execution object: ../release/T-MSAG
[PARAM] Modal1 base path: ../doc/dataset/celeba/test/resnet50_encode/celeba_modal1_base.fvecs
[PARAM] Modal2 base path: ../doc/dataset/celeba/test/celeba_modal2_base.ivecs
[PARAM] Index path: ../doc/index/celeba/celeba_MSAG.index
[PARAM] thread number: 64
[PARAM] Modal1 distance weight: -0.084799
[PARAM] Modal2 distance weight: -1.185460
[PARAM] L_candidate: 100
[PARAM] R_neighbor: 30
[PARAM] C_neighbor: 200
[PARAM] k_init_graph: 100
[PARAM] nn_size: 50
[PARAM] rnn_size: 25
[PARAM] pool_size: 200
[PARAM] iter time: 8
[PARAM] sample number: 100
[PARAM] graph quality threshold: 0.8
[PARAM] is norm for modal1?: 1
[PARAM] is norm for modal2?: 1
[PARAM] is skip number for modal2?: 1
[PARAM] skip number for modal2?: 0
[EXEC] config_model init begin ...
[EXEC] config_model init finished, error code is 0 ...
[EXEC] config_npg init begin ...
[EXEC] config_npg init finished, error code is 0 ...
[EXEC] build init begin ...
[EXEC] c1_nssg init begin ...
[EXEC] normalize vector complete!
[EXEC] normalize vector complete!
[PATH] modal 1 vector path: ../doc/dataset/celeba/test/resnet50_encode/celeba_modal1_base.fvecs
[PATH] modal 2 vector path: ../doc/dataset/celeba/test/celeba_modal2_base.ivecs
[PARAM] vector num: 19962
[PARAM] modal 1 vector dim: 2048
[PARAM] modal 2 vector dim: 40
[EXEC] c1_nssg init finished, error code is 0 ...
[EXEC] c2_nssg init begin ...
[EXEC] c2_nssg init finished, error code is 0 ...
[EXEC] c3_nsg init begin ...
[EXEC] c3_nsg init finished, error code is 0 ...
[EXEC] build init finished, error code is 0 ...
[EXEC] save_index init begin ...
[EXEC] save_index init finished, error code is 0 ...
[EXEC] config_npg run begin ...
[TIME] config_npg time cost is : 0.00 ms
[EXEC] config_npg run finished, error code is 0 ...
[EXEC] config_model run begin ...
[TIME] config_model time cost is : 0.00 ms
[EXEC] config_model run finished, error code is 0 ...
[EXEC] build run begin ...
[EXEC] c1_nssg run begin ...
[NNDESCENT] iter: 0, graph quality: 0.009500
[NNDESCENT] iter: 1, graph quality: 0.009700
[NNDESCENT] iter: 2, graph quality: 0.013000
[NNDESCENT] iter: 3, graph quality: 0.012600
[NNDESCENT] iter: 4, graph quality: 0.011600
[NNDESCENT] iter: 5, graph quality: 0.011600
[NNDESCENT] iter: 6, graph quality: 0.013600
[NNDESCENT] iter: 7, graph quality: 0.013100
[OPENMP] nndescent openmp init complete!
[TIME] c1_nssg time cost is : 206884.76 ms
[EXEC] c1_nssg run finished, error code is 0 ...
[EXEC] c2_nssg run begin ...
[TIME] c2_nssg time cost is : 66.97 ms
[EXEC] c2_nssg run finished, error code is 0 ...
[EXEC] c3_nsg run begin ...
[TIME] c3_nsg time cost is : 1864.53 ms
[EXEC] c3_nsg run finished, error code is 0 ...
[TIME] build time cost is : 208816.28 ms
[EXEC] build run finished, error code is 0 ...
[EXEC] save_index run begin ...
[TIME] save_index time cost is : 0.00 ms
[EXEC] save_index run finished, error code is 0 ...
[EXEC] config_model destroy begin ...
[EXEC] config_model destroy finished, error code is 0 ...
[EXEC] config_npg destroy begin ...
[EXEC] config_npg destroy finished, error code is 0 ...
[EXEC] build destroy begin ...
[EXEC] c1_nssg destroy begin ...
[EXEC] c1_nssg destroy finished, error code is 0 ...
[EXEC] c2_nssg destroy begin ...
[EXEC] c2_nssg destroy finished, error code is 0 ...
[EXEC] c3_nsg destroy begin ...
[EXEC] c3_nsg destroy finished, error code is 0 ...
[EXEC] build destroy finished, error code is 0 ...
[EXEC] save_index destroy begin ...
[EXEC] save_index destroy finished, error code is 0 ...

2026-1-6-2-31-22

[RUN] Execution object: ../release/T-MSAG
[PARAM] Modal1 base path: ../doc/dataset/celeba/test/resnet50_encode/celeba_modal1_base.fvecs
[PARAM] Modal2 base path: ../doc/dataset/celeba/test/celeba_modal2_base.ivecs
[PARAM] Index path: ../doc/index/celeba/celeba_MSAG.index
[PARAM] thread number: 64
[PARAM] Modal1 distance weight: -0.084799
[PARAM] Modal2 distance weight: -1.185460
[PARAM] L_candidate: 100
[PARAM] R_neighbor: 30
[PARAM] C_neighbor: 200
[PARAM] k_init_graph: 100
[PARAM] nn_size: 50
[PARAM] rnn_size: 25
[PARAM] pool_size: 200
[PARAM] iter time: 8
[PARAM] sample number: 100
[PARAM] graph quality threshold: 0.8
[PARAM] is norm for modal1?: 1
[PARAM] is norm for modal2?: 1
[PARAM] is skip number for modal2?: 1
[PARAM] skip number for modal2?: 0
[EXEC] config_model init begin ...
[EXEC] config_model init finished, error code is 0 ...
[EXEC] config_npg init begin ...
[EXEC] config_npg init finished, error code is 0 ...
[EXEC] build init begin ...
[EXEC] c1_nssg init begin ...
[EXEC] normalize vector complete!
[EXEC] normalize vector complete!
[PATH] modal 1 vector path: ../doc/dataset/celeba/test/resnet50_encode/celeba_modal1_base.fvecs
[PATH] modal 2 vector path: ../doc/dataset/celeba/test/celeba_modal2_base.ivecs
[PARAM] vector num: 19962
[PARAM] modal 1 vector dim: 2048
[PARAM] modal 2 vector dim: 40
[EXEC] c1_nssg init finished, error code is 0 ...
[EXEC] c2_nssg init begin ...
[EXEC] c2_nssg init finished, error code is 0 ...
[EXEC] c3_nsg init begin ...
[EXEC] c3_nsg init finished, error code is 0 ...
[EXEC] build init finished, error code is 0 ...
[EXEC] save_index init begin ...
[EXEC] save_index init finished, error code is 0 ...
[EXEC] config_npg run begin ...
[TIME] config_npg time cost is : 0.02 ms
[EXEC] config_npg run finished, error code is 0 ...
[EXEC] config_model run begin ...
[TIME] config_model time cost is : 0.00 ms
[EXEC] config_model run finished, error code is 0 ...
[EXEC] build run begin ...
[EXEC] c1_nssg run begin ...
[NNDESCENT] iter: 0, graph quality: 0.374500
[NNDESCENT] iter: 1, graph quality: 0.986400
[OPENMP] nndescent openmp init complete!
[TIME] c1_nssg time cost is : 151678.88 ms
[EXEC] c1_nssg run finished, error code is 0 ...
[EXEC] c2_nssg run begin ...
[TIME] c2_nssg time cost is : 49.11 ms
[EXEC] c2_nssg run finished, error code is 0 ...
[EXEC] c3_nsg run begin ...
[TIME] c3_nsg time cost is : 1888.27 ms
[EXEC] c3_nsg run finished, error code is 0 ...
[TIME] build time cost is : 153616.28 ms
[EXEC] build run finished, error code is 0 ...
[EXEC] save_index run begin ...
[TIME] save_index time cost is : 0.00 ms
[EXEC] save_index run finished, error code is 0 ...
[EXEC] config_model destroy begin ...
[EXEC] config_model destroy finished, error code is 0 ...
[EXEC] config_npg destroy begin ...
[EXEC] config_npg destroy finished, error code is 0 ...
[EXEC] build destroy begin ...
[EXEC] c1_nssg destroy begin ...
[EXEC] c1_nssg destroy finished, error code is 0 ...
[EXEC] c2_nssg destroy begin ...
[EXEC] c2_nssg destroy finished, error code is 0 ...
[EXEC] c3_nsg destroy begin ...
[EXEC] c3_nsg destroy finished, error code is 0 ...
[EXEC] build destroy finished, error code is 0 ...
[EXEC] save_index destroy begin ...
[EXEC] save_index destroy finished, error code is 0 ...

2026-1-6-18-35-20

[RUN] Execution object: ../release/T-MSAG
[PARAM] Modal1 base path: ../doc/dataset/celeba/test/resnet50_encode/celeba_modal1_base.fvecs
[PARAM] Modal2 base path: ../doc/dataset/celeba/test/celeba_modal2_base.ivecs
[PARAM] Index path: ../doc/index/celeba/celeba_MSAG.index
[PARAM] thread number: 64
[PARAM] Modal1 distance weight: -0.084799
[PARAM] Modal2 distance weight: -1.185460
[PARAM] L_candidate: 100
[PARAM] R_neighbor: 30
[PARAM] C_neighbor: 200
[PARAM] k_init_graph: 100
[PARAM] nn_size: 50
[PARAM] rnn_size: 25
[PARAM] pool_size: 200
[PARAM] iter time: 8
[PARAM] sample number: 100
[PARAM] graph quality threshold: 0.8
[PARAM] is norm for modal1?: 1
[PARAM] is norm for modal2?: 0
[PARAM] is skip number for modal2?: 1
[PARAM] skip number for modal2?: 0
[EXEC] config_model init begin ...
[EXEC] config_model init finished, error code is 0 ...
[EXEC] config_npg init begin ...
[EXEC] config_npg init finished, error code is 0 ...
[EXEC] build init begin ...
[EXEC] c1_nssg init begin ...
[EXEC] normalize vector complete!
[PATH] modal 1 vector path: ../doc/dataset/celeba/test/resnet50_encode/celeba_modal1_base.fvecs
[PATH] modal 2 vector path: ../doc/dataset/celeba/test/celeba_modal2_base.ivecs
[PARAM] vector num: 19962
[PARAM] modal 1 vector dim: 2048
[PARAM] modal 2 vector dim: 40
[EXEC] c1_nssg init finished, error code is 0 ...
[EXEC] c2_nssg init begin ...
[EXEC] c2_nssg init finished, error code is 0 ...
[EXEC] c3_nsg init begin ...
[EXEC] c3_nsg init finished, error code is 0 ...
[EXEC] build init finished, error code is 0 ...
[EXEC] save_index init begin ...
[EXEC] save_index init finished, error code is 0 ...
[EXEC] config_npg run begin ...
[TIME] config_npg time cost is : 0.02 ms
[EXEC] config_npg run finished, error code is 0 ...
[EXEC] config_model run begin ...
[TIME] config_model time cost is : 0.00 ms
[EXEC] config_model run finished, error code is 0 ...
[EXEC] build run begin ...
[EXEC] c1_nssg run begin ...
[NNDESCENT] iter: 0, graph quality: 0.383800
[NNDESCENT] iter: 1, graph quality: 0.979200
[OPENMP] nndescent openmp init complete!
[TIME] c1_nssg time cost is : 147522.69 ms
[EXEC] c1_nssg run finished, error code is 0 ...
[EXEC] c2_nssg run begin ...
[TIME] c2_nssg time cost is : 47.51 ms
[EXEC] c2_nssg run finished, error code is 0 ...
[EXEC] c3_nsg run begin ...
[TIME] c3_nsg time cost is : 1826.74 ms
[EXEC] c3_nsg run finished, error code is 0 ...
[TIME] build time cost is : 149396.96 ms
[EXEC] build run finished, error code is 0 ...
[EXEC] save_index run begin ...
[TIME] save_index time cost is : 0.00 ms
[EXEC] save_index run finished, error code is 0 ...
[EXEC] config_model destroy begin ...
[EXEC] config_model destroy finished, error code is 0 ...
[EXEC] config_npg destroy begin ...
[EXEC] config_npg destroy finished, error code is 0 ...
[EXEC] build destroy begin ...
[EXEC] c1_nssg destroy begin ...
[EXEC] c1_nssg destroy finished, error code is 0 ...
[EXEC] c2_nssg destroy begin ...
[EXEC] c2_nssg destroy finished, error code is 0 ...
[EXEC] c3_nsg destroy begin ...
[EXEC] c3_nsg destroy finished, error code is 0 ...
[EXEC] build destroy finished, error code is 0 ...
[EXEC] save_index destroy begin ...
[EXEC] save_index destroy finished, error code is 0 ...

2026-1-6-21-0-36

[RUN] Execution object: ../release/T-MSAG
[PARAM] Modal1 base path: ../doc/dataset/celeba/test/resnet50_encode/celeba_modal1_base.fvecs
[PARAM] Modal2 base path: ../doc/dataset/celeba/test/celeba_modal2_base.ivecs
[PARAM] Index path: ../doc/index/celeba/celeba_MSAG.index
[PARAM] thread number: 64
[PARAM] Modal1 distance weight: -0.084799
[PARAM] Modal2 distance weight: -1.185460
[PARAM] L_candidate: 100
[PARAM] R_neighbor: 30
[PARAM] C_neighbor: 200
[PARAM] k_init_graph: 100
[PARAM] nn_size: 50
[PARAM] rnn_size: 25
[PARAM] pool_size: 200
[PARAM] iter time: 8
[PARAM] sample number: 100
[PARAM] graph quality threshold: 0.8
[PARAM] is norm for modal1?: 1
[PARAM] is norm for modal2?: 1
[PARAM] is skip number for modal2?: 1
[PARAM] skip number for modal2?: 0
[EXEC] config_model init begin ...
[EXEC] config_model init finished, error code is 0 ...
[EXEC] config_npg init begin ...
[EXEC] config_npg init finished, error code is 0 ...
[EXEC] build init begin ...
[EXEC] c1_nssg init begin ...
[EXEC] normalize vector complete!
[EXEC] normalize vector complete!
[PATH] modal 1 vector path: ../doc/dataset/celeba/test/resnet50_encode/celeba_modal1_base.fvecs
[PATH] modal 2 vector path: ../doc/dataset/celeba/test/celeba_modal2_base.ivecs
[PARAM] vector num: 19962
[PARAM] modal 1 vector dim: 2048
[PARAM] modal 2 vector dim: 40
[EXEC] c1_nssg init finished, error code is 0 ...
[EXEC] c2_nssg init begin ...
[EXEC] c2_nssg init finished, error code is 0 ...
[EXEC] c3_nsg init begin ...
[EXEC] c3_nsg init finished, error code is 0 ...
[EXEC] build init finished, error code is 0 ...
[EXEC] save_index init begin ...
[EXEC] save_index init finished, error code is 0 ...
[EXEC] config_npg run begin ...
[TIME] config_npg time cost is : 0.00 ms
[EXEC] config_npg run finished, error code is 0 ...
[EXEC] config_model run begin ...
[TIME] config_model time cost is : 0.00 ms
[EXEC] config_model run finished, error code is 0 ...
[EXEC] build run begin ...
[EXEC] c1_nssg run begin ...
[NNDESCENT] iter: 0, graph quality: 0.363700
[NNDESCENT] iter: 1, graph quality: 0.958800
[OPENMP] nndescent openmp init complete!
[TIME] c1_nssg time cost is : 147798.52 ms
[EXEC] c1_nssg run finished, error code is 0 ...
[EXEC] c2_nssg run begin ...
[TIME] c2_nssg time cost is : 52.19 ms
[EXEC] c2_nssg run finished, error code is 0 ...
[EXEC] c3_nsg run begin ...
[TIME] c3_nsg time cost is : 1797.51 ms
[EXEC] c3_nsg run finished, error code is 0 ...
[TIME] build time cost is : 149648.25 ms
[EXEC] build run finished, error code is 0 ...
[EXEC] save_index run begin ...
[TIME] save_index time cost is : 0.00 ms
[EXEC] save_index run finished, error code is 0 ...
[EXEC] config_model destroy begin ...
[EXEC] config_model destroy finished, error code is 0 ...
[EXEC] config_npg destroy begin ...
[EXEC] config_npg destroy finished, error code is 0 ...
[EXEC] build destroy begin ...
[EXEC] c1_nssg destroy begin ...
[EXEC] c1_nssg destroy finished, error code is 0 ...
[EXEC] c2_nssg destroy begin ...
[EXEC] c2_nssg destroy finished, error code is 0 ...
[EXEC] c3_nsg destroy begin ...
[EXEC] c3_nsg destroy finished, error code is 0 ...
[EXEC] build destroy finished, error code is 0 ...
[EXEC] save_index destroy begin ...
[EXEC] save_index destroy finished, error code is 0 ...

2026-1-6-22-22-41

[RUN] Execution object: ../release/T-MSAG
[PARAM] Modal1 base path: ../doc/dataset/celeba/test/resnet50_encode/celeba_modal1_base.fvecs
[PARAM] Modal2 base path: ../doc/dataset/celeba/test/celeba_modal2_base.ivecs
[PARAM] Index path: ../doc/index/celeba/celeba_MSAG.index
[PARAM] thread number: 64
[PARAM] Modal1 distance weight: -0.084799
[PARAM] Modal2 distance weight: -1.185460
[PARAM] L_candidate: 100
[PARAM] R_neighbor: 30
[PARAM] C_neighbor: 200
[PARAM] k_init_graph: 100
[PARAM] nn_size: 50
[PARAM] rnn_size: 25
[PARAM] pool_size: 200
[PARAM] iter time: 8
[PARAM] sample number: 100
[PARAM] graph quality threshold: 0.8
[PARAM] is norm for modal1?: 1
[PARAM] is norm for modal2?: 1
[PARAM] is skip number for modal2?: 1
[PARAM] skip number for modal2?: 0
[EXEC] config_model init begin ...
[EXEC] config_model init finished, error code is 0 ...
[EXEC] config_npg init begin ...
[EXEC] config_npg init finished, error code is 0 ...
[EXEC] build init begin ...
[EXEC] c1_nssg init begin ...
[EXEC] normalize vector complete!
[EXEC] normalize vector complete!
[PATH] modal 1 vector path: ../doc/dataset/celeba/test/resnet50_encode/celeba_modal1_base.fvecs
[PATH] modal 2 vector path: ../doc/dataset/celeba/test/celeba_modal2_base.ivecs
[PARAM] vector num: 19962
[PARAM] modal 1 vector dim: 2048
[PARAM] modal 2 vector dim: 40
[EXEC] c1_nssg init finished, error code is 0 ...
[EXEC] c2_nssg init begin ...
[EXEC] c2_nssg init finished, error code is 0 ...
[EXEC] c3_nsg init begin ...
[EXEC] c3_nsg init finished, error code is 0 ...
[EXEC] build init finished, error code is 0 ...
[EXEC] save_index init begin ...
[EXEC] save_index init finished, error code is 0 ...
[EXEC] config_npg run begin ...
[TIME] config_npg time cost is : 0.00 ms
[EXEC] config_npg run finished, error code is 0 ...
[EXEC] config_model run begin ...
[TIME] config_model time cost is : 0.00 ms
[EXEC] config_model run finished, error code is 0 ...
[EXEC] build run begin ...
[EXEC] c1_nssg run begin ...
[NNDESCENT] iter: 0, graph quality: 0.384400
[NNDESCENT] iter: 1, graph quality: 0.982100
[OPENMP] nndescent openmp init complete!
[TIME] c1_nssg time cost is : 147166.17 ms
[EXEC] c1_nssg run finished, error code is 0 ...
[EXEC] c2_nssg run begin ...
[TIME] c2_nssg time cost is : 49.72 ms
[EXEC] c2_nssg run finished, error code is 0 ...
[EXEC] c3_nsg run begin ...
[TIME] c3_nsg time cost is : 1767.42 ms
[EXEC] c3_nsg run finished, error code is 0 ...
[TIME] build time cost is : 148983.33 ms
[EXEC] build run finished, error code is 0 ...
[EXEC] save_index run begin ...
[TIME] save_index time cost is : 0.00 ms
[EXEC] save_index run finished, error code is 0 ...
[EXEC] config_model destroy begin ...
[EXEC] config_model destroy finished, error code is 0 ...
[EXEC] config_npg destroy begin ...
[EXEC] config_npg destroy finished, error code is 0 ...
[EXEC] build destroy begin ...
[EXEC] c1_nssg destroy begin ...
[EXEC] c1_nssg destroy finished, error code is 0 ...
[EXEC] c2_nssg destroy begin ...
[EXEC] c2_nssg destroy finished, error code is 0 ...
[EXEC] c3_nsg destroy begin ...
[EXEC] c3_nsg destroy finished, error code is 0 ...
[EXEC] build destroy finished, error code is 0 ...
[EXEC] save_index destroy begin ...
[EXEC] save_index destroy finished, error code is 0 ...

2026-1-6-22-46-36

[RUN] Execution object: ../release/T-MSAG
[PARAM] Modal1 base path: ../doc/dataset/celeba/test/resnet50_encode/celeba_modal1_base.fvecs
[PARAM] Modal2 base path: ../doc/dataset/celeba/test/celeba_modal2_base.ivecs
[PARAM] Index path: ../doc/index/celeba/celeba_MSAG.index
[PARAM] thread number: 64
[PARAM] Modal1 distance weight: -0.084799
[PARAM] Modal2 distance weight: -1.185460
[PARAM] L_candidate: 100
[PARAM] R_neighbor: 30
[PARAM] C_neighbor: 200
[PARAM] k_init_graph: 100
[PARAM] nn_size: 50
[PARAM] rnn_size: 25
[PARAM] pool_size: 200
[PARAM] iter time: 8
[PARAM] sample number: 100
[PARAM] graph quality threshold: 0.8
[PARAM] is norm for modal1?: 1
[PARAM] is norm for modal2?: 1
[PARAM] is skip number for modal2?: 1
[PARAM] skip number for modal2?: 0
[EXEC] config_model init begin ...
[EXEC] config_model init finished, error code is 0 ...
[EXEC] config_npg init begin ...
[EXEC] config_npg init finished, error code is 0 ...
[EXEC] build init begin ...
[EXEC] c1_nssg init begin ...
[EXEC] normalize vector complete!
[EXEC] normalize vector complete!
[PATH] modal 1 vector path: ../doc/dataset/celeba/test/resnet50_encode/celeba_modal1_base.fvecs
[PATH] modal 2 vector path: ../doc/dataset/celeba/test/celeba_modal2_base.ivecs
[PARAM] vector num: 19962
[PARAM] modal 1 vector dim: 2048
[PARAM] modal 2 vector dim: 40
[EXEC] c1_nssg init finished, error code is 0 ...
[EXEC] c2_nssg init begin ...
[EXEC] c2_nssg init finished, error code is 0 ...
[EXEC] c3_nsg init begin ...
[EXEC] c3_nsg init finished, error code is 0 ...
[EXEC] build init finished, error code is 0 ...
[EXEC] save_index init begin ...
[EXEC] save_index init finished, error code is 0 ...
[EXEC] config_npg run begin ...
[TIME] config_npg time cost is : 0.02 ms
[EXEC] config_npg run finished, error code is 0 ...
[EXEC] config_model run begin ...
[TIME] config_model time cost is : 0.00 ms
[EXEC] config_model run finished, error code is 0 ...
[EXEC] build run begin ...
[EXEC] c1_nssg run begin ...
[NNDESCENT] iter: 0, graph quality: 0.367400
[NNDESCENT] iter: 1, graph quality: 0.981300
[OPENMP] nndescent openmp init complete!
[TIME] c1_nssg time cost is : 162679.15 ms
[EXEC] c1_nssg run finished, error code is 0 ...
[EXEC] c2_nssg run begin ...
[TIME] c2_nssg time cost is : 54.55 ms
[EXEC] c2_nssg run finished, error code is 0 ...
[EXEC] c3_nsg run begin ...
[TIME] c3_nsg time cost is : 2027.34 ms
[EXEC] c3_nsg run finished, error code is 0 ...
[TIME] build time cost is : 164761.06 ms
[EXEC] build run finished, error code is 0 ...
[EXEC] save_index run begin ...
[TIME] save_index time cost is : 0.00 ms
[EXEC] save_index run finished, error code is 0 ...
[EXEC] config_model destroy begin ...
[EXEC] config_model destroy finished, error code is 0 ...
[EXEC] config_npg destroy begin ...
[EXEC] config_npg destroy finished, error code is 0 ...
[EXEC] build destroy begin ...
[EXEC] c1_nssg destroy begin ...
[EXEC] c1_nssg destroy finished, error code is 0 ...
[EXEC] c2_nssg destroy begin ...
[EXEC] c2_nssg destroy finished, error code is 0 ...
[EXEC] c3_nsg destroy begin ...
[EXEC] c3_nsg destroy finished, error code is 0 ...
[EXEC] build destroy finished, error code is 0 ...
[EXEC] save_index destroy begin ...
[EXEC] save_index destroy finished, error code is 0 ...

2026-1-6-23-5-31

[RUN] Execution object: ../release/T-MSAG
[PARAM] Modal1 base path: ../doc/dataset/celeba/test/resnet50_encode/celeba_modal1_base.fvecs
[PARAM] Modal2 base path: ../doc/dataset/celeba/test/celeba_modal2_base.ivecs
[PARAM] Index path: ../doc/index/celeba/celeba_MSAG.index
[PARAM] thread number: 64
[PARAM] Modal1 distance weight: -0.084799
[PARAM] Modal2 distance weight: -1.185460
[PARAM] L_candidate: 100
[PARAM] R_neighbor: 30
[PARAM] C_neighbor: 200
[PARAM] k_init_graph: 100
[PARAM] nn_size: 50
[PARAM] rnn_size: 25
[PARAM] pool_size: 200
[PARAM] iter time: 8
[PARAM] sample number: 100
[PARAM] graph quality threshold: 0.8
[PARAM] is norm for modal1?: 1
[PARAM] is norm for modal2?: 1
[PARAM] is skip number for modal2?: 1
[PARAM] skip number for modal2?: 0
[EXEC] config_model init begin ...
[EXEC] config_model init finished, error code is 0 ...
[EXEC] config_npg init begin ...
[EXEC] config_npg init finished, error code is 0 ...
[EXEC] build init begin ...
[EXEC] c1_nssg init begin ...
[EXEC] normalize vector complete!
[EXEC] normalize vector complete!
[PATH] modal 1 vector path: ../doc/dataset/celeba/test/resnet50_encode/celeba_modal1_base.fvecs
[PATH] modal 2 vector path: ../doc/dataset/celeba/test/celeba_modal2_base.ivecs
[PARAM] vector num: 19962
[PARAM] modal 1 vector dim: 2048
[PARAM] modal 2 vector dim: 40
[EXEC] c1_nssg init finished, error code is 0 ...
[EXEC] c2_nssg init begin ...
[EXEC] c2_nssg init finished, error code is 0 ...
[EXEC] c3_nsg init begin ...
[EXEC] c3_nsg init finished, error code is 0 ...
[EXEC] build init finished, error code is 0 ...
[EXEC] save_index init begin ...
[EXEC] save_index init finished, error code is 0 ...
[EXEC] config_npg run begin ...
[TIME] config_npg time cost is : 0.00 ms
[EXEC] config_npg run finished, error code is 0 ...
[EXEC] config_model run begin ...
[TIME] config_model time cost is : 0.00 ms
[EXEC] config_model run finished, error code is 0 ...
[EXEC] build run begin ...
[EXEC] c1_nssg run begin ...
[NNDESCENT] iter: 0, graph quality: 0.386000
[NNDESCENT] iter: 1, graph quality: 0.987200
[OPENMP] nndescent openmp init complete!
[TIME] c1_nssg time cost is : 146835.38 ms
[EXEC] c1_nssg run finished, error code is 0 ...
[EXEC] c2_nssg run begin ...
[TIME] c2_nssg time cost is : 46.82 ms
[EXEC] c2_nssg run finished, error code is 0 ...
[EXEC] c3_nsg run begin ...
[TIME] c3_nsg time cost is : 1764.75 ms
[EXEC] c3_nsg run finished, error code is 0 ...
[TIME] build time cost is : 148646.97 ms
[EXEC] build run finished, error code is 0 ...
[EXEC] save_index run begin ...
[TIME] save_index time cost is : 0.00 ms
[EXEC] save_index run finished, error code is 0 ...
[EXEC] config_model destroy begin ...
[EXEC] config_model destroy finished, error code is 0 ...
[EXEC] config_npg destroy begin ...
[EXEC] config_npg destroy finished, error code is 0 ...
[EXEC] build destroy begin ...
[EXEC] c1_nssg destroy begin ...
[EXEC] c1_nssg destroy finished, error code is 0 ...
[EXEC] c2_nssg destroy begin ...
[EXEC] c2_nssg destroy finished, error code is 0 ...
[EXEC] c3_nsg destroy begin ...
[EXEC] c3_nsg destroy finished, error code is 0 ...
[EXEC] build destroy finished, error code is 0 ...
[EXEC] save_index destroy begin ...
[EXEC] save_index destroy finished, error code is 0 ...

2026-1-6-23-30-7

[RUN] Execution object: ../release/T-MSAG
[PARAM] Modal1 base path: ../doc/dataset/celeba/test/resnet50_encode/celeba_modal1_base.fvecs
[PARAM] Modal2 base path: ../doc/dataset/celeba/test/celeba_modal2_base.ivecs
[PARAM] Index path: ../doc/index/celeba/celeba_MSAG.index
[PARAM] thread number: 64
[PARAM] Modal1 distance weight: -0.084799
[PARAM] Modal2 distance weight: -1.185460
[PARAM] L_candidate: 100
[PARAM] R_neighbor: 30
[PARAM] C_neighbor: 200
[PARAM] k_init_graph: 100
[PARAM] nn_size: 50
[PARAM] rnn_size: 25
[PARAM] pool_size: 200
[PARAM] iter time: 8
[PARAM] sample number: 100
[PARAM] graph quality threshold: 0.8
[PARAM] is norm for modal1?: 1
[PARAM] is norm for modal2?: 1
[PARAM] is skip number for modal2?: 1
[PARAM] skip number for modal2?: 0
[EXEC] config_model init begin ...
[EXEC] config_model init finished, error code is 0 ...
[EXEC] config_npg init begin ...
[EXEC] config_npg init finished, error code is 0 ...
[EXEC] build init begin ...
[EXEC] c1_nssg init begin ...
[EXEC] normalize vector complete!
[EXEC] normalize vector complete!
[PATH] modal 1 vector path: ../doc/dataset/celeba/test/resnet50_encode/celeba_modal1_base.fvecs
[PATH] modal 2 vector path: ../doc/dataset/celeba/test/celeba_modal2_base.ivecs
[PARAM] vector num: 19962
[PARAM] modal 1 vector dim: 2048
[PARAM] modal 2 vector dim: 40
[EXEC] c1_nssg init finished, error code is 0 ...
[EXEC] c2_nssg init begin ...
[EXEC] c2_nssg init finished, error code is 0 ...
[EXEC] c3_nsg init begin ...
[EXEC] c3_nsg init finished, error code is 0 ...
[EXEC] build init finished, error code is 0 ...
[EXEC] save_index init begin ...
[EXEC] save_index init finished, error code is 0 ...
[EXEC] config_npg run begin ...
[TIME] config_npg time cost is : 0.00 ms
[EXEC] config_npg run finished, error code is 0 ...
[EXEC] config_model run begin ...
[TIME] config_model time cost is : 0.00 ms
[EXEC] config_model run finished, error code is 0 ...
[EXEC] build run begin ...
[EXEC] c1_nssg run begin ...
[NNDESCENT] iter: 0, graph quality: 0.362600
[NNDESCENT] iter: 1, graph quality: 0.987700
[OPENMP] nndescent openmp init complete!
[TIME] c1_nssg time cost is : 151424.28 ms
[EXEC] c1_nssg run finished, error code is 0 ...
[EXEC] c2_nssg run begin ...
[TIME] c2_nssg time cost is : 38.08 ms
[EXEC] c2_nssg run finished, error code is 0 ...
[EXEC] c3_nsg run begin ...
[TIME] c3_nsg time cost is : 1883.72 ms
[EXEC] c3_nsg run finished, error code is 0 ...
[TIME] build time cost is : 153346.10 ms
[EXEC] build run finished, error code is 0 ...
[EXEC] save_index run begin ...
[TIME] save_index time cost is : 0.00 ms
[EXEC] save_index run finished, error code is 0 ...
[EXEC] config_model destroy begin ...
[EXEC] config_model destroy finished, error code is 0 ...
[EXEC] config_npg destroy begin ...
[EXEC] config_npg destroy finished, error code is 0 ...
[EXEC] build destroy begin ...
[EXEC] c1_nssg destroy begin ...
[EXEC] c1_nssg destroy finished, error code is 0 ...
[EXEC] c2_nssg destroy begin ...
[EXEC] c2_nssg destroy finished, error code is 0 ...
[EXEC] c3_nsg destroy begin ...
[EXEC] c3_nsg destroy finished, error code is 0 ...
[EXEC] build destroy finished, error code is 0 ...
[EXEC] save_index destroy begin ...
[EXEC] save_index destroy finished, error code is 0 ...

2026-1-6-23-49-48

[RUN] Execution object: ../release/T-MSAG
[PARAM] Modal1 base path: ../doc/dataset/celeba/test/resnet50_encode/celeba_modal1_base.fvecs
[PARAM] Modal2 base path: ../doc/dataset/celeba/test/celeba_modal2_base.ivecs
[PARAM] Index path: ../doc/index/celeba/celeba_MSAG.index
[PARAM] thread number: 64
[PARAM] Modal1 distance weight: -0.084799
[PARAM] Modal2 distance weight: -1.185460
[PARAM] L_candidate: 100
[PARAM] R_neighbor: 30
[PARAM] C_neighbor: 200
[PARAM] k_init_graph: 100
[PARAM] nn_size: 50
[PARAM] rnn_size: 25
[PARAM] pool_size: 200
[PARAM] iter time: 8
[PARAM] sample number: 100
[PARAM] graph quality threshold: 0.8
[PARAM] is norm for modal1?: 1
[PARAM] is norm for modal2?: 1
[PARAM] is skip number for modal2?: 1
[PARAM] skip number for modal2?: 0
[EXEC] config_model init begin ...
[EXEC] config_model init finished, error code is 0 ...
[EXEC] config_npg init begin ...
[EXEC] config_npg init finished, error code is 0 ...
[EXEC] build init begin ...
[EXEC] c1_nssg init begin ...
[EXEC] normalize vector complete!
[EXEC] normalize vector complete!
[PATH] modal 1 vector path: ../doc/dataset/celeba/test/resnet50_encode/celeba_modal1_base.fvecs
[PATH] modal 2 vector path: ../doc/dataset/celeba/test/celeba_modal2_base.ivecs
[PARAM] vector num: 19962
[PARAM] modal 1 vector dim: 2048
[PARAM] modal 2 vector dim: 40
[EXEC] c1_nssg init finished, error code is 0 ...
[EXEC] c2_nssg init begin ...
[EXEC] c2_nssg init finished, error code is 0 ...
[EXEC] c3_nsg init begin ...
[EXEC] c3_nsg init finished, error code is 0 ...
[EXEC] build init finished, error code is 0 ...
[EXEC] save_index init begin ...
[EXEC] save_index init finished, error code is 0 ...
[EXEC] config_npg run begin ...
[TIME] config_npg time cost is : 0.00 ms
[EXEC] config_npg run finished, error code is 0 ...
[EXEC] config_model run begin ...
[TIME] config_model time cost is : 0.00 ms
[EXEC] config_model run finished, error code is 0 ...
[EXEC] build run begin ...
[EXEC] c1_nssg run begin ...
[NNDESCENT] iter: 0, graph quality: 0.368300
[NNDESCENT] iter: 1, graph quality: 0.987800
[OPENMP] nndescent openmp init complete!
[TIME] c1_nssg time cost is : 156423.47 ms
[EXEC] c1_nssg run finished, error code is 0 ...
[EXEC] c2_nssg run begin ...
[TIME] c2_nssg time cost is : 37.50 ms
[EXEC] c2_nssg run finished, error code is 0 ...
[EXEC] c3_nsg run begin ...
[TIME] c3_nsg time cost is : 1923.86 ms
[EXEC] c3_nsg run finished, error code is 0 ...
[TIME] build time cost is : 158384.84 ms
[EXEC] build run finished, error code is 0 ...
[EXEC] save_index run begin ...
[TIME] save_index time cost is : 0.00 ms
[EXEC] save_index run finished, error code is 0 ...
[EXEC] config_model destroy begin ...
[EXEC] config_model destroy finished, error code is 0 ...
[EXEC] config_npg destroy begin ...
[EXEC] config_npg destroy finished, error code is 0 ...
[EXEC] build destroy begin ...
[EXEC] c1_nssg destroy begin ...
[EXEC] c1_nssg destroy finished, error code is 0 ...
[EXEC] c2_nssg destroy begin ...
[EXEC] c2_nssg destroy finished, error code is 0 ...
[EXEC] c3_nsg destroy begin ...
[EXEC] c3_nsg destroy finished, error code is 0 ...
[EXEC] build destroy finished, error code is 0 ...
[EXEC] save_index destroy begin ...
[EXEC] save_index destroy finished, error code is 0 ...
