
2026-1-5-0-15-46

[RUN] Execution object: ../release/S-MSAG
[PARAM] Modal1 base path: ../doc/dataset/celeba/test/resnet50_encode/celeba_modal1_base.fvecs
[PARAM] Modal2 base path: ../doc/dataset/celeba/test/celeba_modal2_base.ivecs
[PARAM] Modal1 query path: ../doc/dataset/celeba/test/resnet50_encode/celeba_modal1_query.fvecs
[PARAM] Modal2 query path: ../doc/dataset/celeba/test/celeba_modal2_query.ivecs
[PARAM] Groundtruth path: ../doc/dataset/celeba/test/celeba_gt.ivecs
[PARAM] Index path: ../doc/index/celeba/celeba_MSAG.index
[PARAM] Save Result path: ../doc/result/2026_01_05/celeba_MSAG_res.txt
[PARAM] thread number: 8
[PARAM] Modal1 distance weight: -0.0848
[PARAM] Modal2 distance weight: -1.1855
[PARAM] top-k: 10
[PARAM] gt-k: 10
[PARAM] L_search: 200
[PARAM] is norm for modal1?: 1
[PARAM] is norm for modal2?: 0
[PARAM] is skip number for modal2?: 1
[PARAM] skip number for modal2?: 0
[PARAM] is multi-results equal?: 1
[PARAM] is delete id?: 1
[PARAM] Delete id path: ../doc/dataset/celeba/test/celeba_delete_id.ivecs
[EXEC] search init begin ...
[EXEC] normalize vector complete!
[EXEC] normalize vector complete!
[PATH] modal 1 query vector path: ../doc/dataset/celeba/test/resnet50_encode/celeba_modal1_query.fvecs
[PATH] modal 2 query vector path: ../doc/dataset/celeba/test/celeba_modal2_query.ivecs
[PARAM] query vector num: 19962
[PARAM] modal 1 query vector dim: 2048
[PARAM] modal 2 query vector dim: 40
[EXEC] search init finished, error code is 0 ...
[PARAM] gt num: 19962
[PARAM] gt[0] dim: 10
[EXEC] search run begin ...
[TIME] search time cost is : 87574.41 ms
[EXEC] search run finished, error code is 0 ...
[EVA] 10 NN accuracy for top10: 0.207990
[EXEC] search destroy begin ...
[EXEC] search destroy finished, error code is 0 ...

2026-1-5-0-22-20

[RUN] Execution object: ../release/S-MSAG
[PARAM] Modal1 base path: ../doc/dataset/celeba/test/resnet50_encode/celeba_modal1_base.fvecs
[PARAM] Modal2 base path: ../doc/dataset/celeba/test/celeba_modal2_base.ivecs
[PARAM] Modal1 query path: ../doc/dataset/celeba/test/resnet50_encode/celeba_modal1_query.fvecs
[PARAM] Modal2 query path: ../doc/dataset/celeba/test/celeba_modal2_query.ivecs
[PARAM] Groundtruth path: ../doc/dataset/celeba/test/celeba_gt.ivecs
[PARAM] Index path: ../doc/index/celeba/celeba_MSAG.index
[PARAM] Save Result path: ../doc/result/2026_01_05/celeba_MSAG_res.txt
[PARAM] thread number: 1
[PARAM] Modal1 distance weight: -0.0848
[PARAM] Modal2 distance weight: -1.1855
[PARAM] top-k: 1
[PARAM] gt-k: 1
[PARAM] L_search: 5000
[PARAM] is norm for modal1?: 1
[PARAM] is norm for modal2?: 0
[PARAM] is skip number for modal2?: 1
[PARAM] skip number for modal2?: 0
[PARAM] is multi-results equal?: 1
[PARAM] is delete id?: 1
[PARAM] Delete id path: ../doc/dataset/celeba/test/celeba_delete_id.ivecs
[EXEC] search init begin ...
[EXEC] normalize vector complete!
[EXEC] normalize vector complete!
[PATH] modal 1 query vector path: ../doc/dataset/celeba/test/resnet50_encode/celeba_modal1_query.fvecs
[PATH] modal 2 query vector path: ../doc/dataset/celeba/test/celeba_modal2_query.ivecs
[PARAM] query vector num: 19962
[PARAM] modal 1 query vector dim: 2048
[PARAM] modal 2 query vector dim: 40
[EXEC] search init finished, error code is 0 ...
[PARAM] gt num: 19962
[PARAM] gt[0] dim: 10
[EXEC] search run begin ...
[TIME] search time cost is : 1214501.72 ms
[EXEC] search run finished, error code is 0 ...
[EVA] 1 NN accuracy for top1: 0.827973
[EXEC] search destroy begin ...
[EXEC] search destroy finished, error code is 0 ...
