
2026-1-4-0-45-48

[RUN] Execution object: ../release/T-MSAG
[PARAM] Modal1 base path: ../doc/dataset/siftsmall/siftsmall_base.fvecs
[PARAM] Modal2 base path: ../doc/dataset/siftsmall/int_attribute_siftsmall_base.ivecs
[PARAM] Index path: ../doc/index/siftsmall/siftsmall_MSAG.index
[PARAM] thread number: 64
[PARAM] Modal1 distance weight: -0.5
[PARAM] Modal2 distance weight: -0.5
[PARAM] L_candidate: 100
[PARAM] R_neighbor: 100
[PARAM] C_neighbor: 200
[PARAM] k_init_graph: 100
[PARAM] nn_size: 50
[PARAM] rnn_size: 25
[PARAM] pool_size: 200
[PARAM] iter time: 8
[PARAM] sample number: 100
[PARAM] graph quality threshold: 0.8
[PARAM] is norm for modal1?: 1
[PARAM] is norm for modal2?: 0
[PARAM] is skip number for modal2?: 0
[PARAM] skip number for modal2?: 0
[EXEC] config_model init begin ...
[EXEC] config_model init finished, error code is 0 ...
[EXEC] config_npg init begin ...
[EXEC] config_npg init finished, error code is 0 ...
[EXEC] build init begin ...
[EXEC] c1_nssg init begin ...
[EXEC] normalize vector complete!
[PATH] modal 1 vector path: ../doc/dataset/siftsmall/siftsmall_base.fvecs
[PATH] modal 2 vector path: ../doc/dataset/siftsmall/int_attribute_siftsmall_base.ivecs
[PARAM] vector num: 10000
[PARAM] modal 1 vector dim: 128
[PARAM] modal 2 vector dim: 9
[EXEC] c1_nssg init finished, error code is 0 ...
[EXEC] c2_nssg init begin ...
[EXEC] c2_nssg init finished, error code is 0 ...
[EXEC] c3_nsg init begin ...
[EXEC] c3_nsg init finished, error code is 0 ...
[EXEC] build init finished, error code is 0 ...
[EXEC] save_index init begin ...
[EXEC] save_index init finished, error code is 0 ...
[EXEC] config_npg run begin ...
[TIME] config_npg time cost is : 0.00 ms
[EXEC] config_npg run finished, error code is 0 ...
[EXEC] config_model run begin ...
[TIME] config_model time cost is : 0.00 ms
[EXEC] config_model run finished, error code is 0 ...
[EXEC] build run begin ...
[EXEC] c1_nssg run begin ...
[NNDESCENT] iter: 0, graph quality: 0.576600
[NNDESCENT] iter: 1, graph quality: 0.976700
[OPENMP] nndescent openmp init complete!
[TIME] c1_nssg time cost is : 14817.22 ms
[EXEC] c1_nssg run finished, error code is 0 ...
[EXEC] c2_nssg run begin ...
[TIME] c2_nssg time cost is : 7.91 ms
[EXEC] c2_nssg run finished, error code is 0 ...
[EXEC] c3_nsg run begin ...
[TIME] c3_nsg time cost is : 1345.78 ms
[EXEC] c3_nsg run finished, error code is 0 ...
[TIME] build time cost is : 16170.93 ms
[EXEC] build run finished, error code is 0 ...
[EXEC] save_index run begin ...
[TIME] save_index time cost is : 0.00 ms
[EXEC] save_index run finished, error code is 0 ...
[EXEC] config_model destroy begin ...
[EXEC] config_model destroy finished, error code is 0 ...
[EXEC] config_npg destroy begin ...
[EXEC] config_npg destroy finished, error code is 0 ...
[EXEC] build destroy begin ...
[EXEC] c1_nssg destroy begin ...
[EXEC] c1_nssg destroy finished, error code is 0 ...
[EXEC] c2_nssg destroy begin ...
[EXEC] c2_nssg destroy finished, error code is 0 ...
[EXEC] c3_nsg destroy begin ...
[EXEC] c3_nsg destroy finished, error code is 0 ...
[EXEC] build destroy finished, error code is 0 ...
[EXEC] save_index destroy begin ...
[EXEC] save_index destroy finished, error code is 0 ...

2026-1-4-0-54-21

[RUN] Execution object: ../release/T-MSAG
[PARAM] Modal1 base path: /Users/mac/github/MUST-main/uqv/uqv_base.fvecs
[PARAM] Modal2 base path: /Users/mac/github/MUST-main/indexing_and_search/doc/dataset/siftsmall/siftsmall_base.fvecs
[PARAM] Index path: ../doc/index/uqv/uqv_MSAG.index
[PARAM] thread number: 64
[PARAM] Modal1 distance weight: -0.5
[PARAM] Modal2 distance weight: -0.5
[PARAM] L_candidate: 100
[PARAM] R_neighbor: 100
[PARAM] C_neighbor: 200
[PARAM] k_init_graph: 100
[PARAM] nn_size: 50
[PARAM] rnn_size: 25
[PARAM] pool_size: 200
[PARAM] iter time: 8
[PARAM] sample number: 100
[PARAM] graph quality threshold: 0.8
[PARAM] is norm for modal1?: 1
[PARAM] is norm for modal2?: 0
[PARAM] is skip number for modal2?: 0
[PARAM] skip number for modal2?: 0

2026-1-4-1-10-1

[RUN] Execution object: ../release/T-MSAG
[PARAM] Modal1 base path: /Users/mac/github/MUST-main/uqv/uqv_base.fvecs
[PARAM] Modal2 base path: /Users/mac/github/MUST-main/uqv/uqv_modal2_base.ivecs
[PARAM] Index path: ../doc/index/uqv/uqv_MSAG.index
[PARAM] thread number: 64
[PARAM] Modal1 distance weight: -0.5
[PARAM] Modal2 distance weight: -0.5
[PARAM] L_candidate: 100
[PARAM] R_neighbor: 100
[PARAM] C_neighbor: 200
[PARAM] k_init_graph: 100
[PARAM] nn_size: 50
[PARAM] rnn_size: 25
[PARAM] pool_size: 200
[PARAM] iter time: 8
[PARAM] sample number: 100
[PARAM] graph quality threshold: 0.8
[PARAM] is norm for modal1?: 1
[PARAM] is norm for modal2?: 0
[PARAM] is skip number for modal2?: 0
[PARAM] skip number for modal2?: 0

2026-1-4-1-22-4

[RUN] Execution object: ../release/T-MSAG
[PARAM] Modal1 base path: /Users/mac/github/MUST-main/uqv/uqv_base.fvecs
[PARAM] Modal2 base path: /Users/mac/github/MUST-main/uqv/uqv_modal2_base.ivecs
[PARAM] Index path: ../doc/index/uqv/uqv_MSAG.index
[PARAM] thread number: 64
[PARAM] Modal1 distance weight: -0.5
[PARAM] Modal2 distance weight: -0.5
[PARAM] L_candidate: 100
[PARAM] R_neighbor: 100
[PARAM] C_neighbor: 200
[PARAM] k_init_graph: 100
[PARAM] nn_size: 50
[PARAM] rnn_size: 25
[PARAM] pool_size: 200
[PARAM] iter time: 8
[PARAM] sample number: 100
[PARAM] graph quality threshold: 0.8
[PARAM] is norm for modal1?: 1
[PARAM] is norm for modal2?: 0
[PARAM] is skip number for modal2?: 0
[PARAM] skip number for modal2?: 0

2026-1-4-2-39-50

[RUN] Execution object: ../release/T-MSAG
[PARAM] Modal1 base path: /Users/mac/github/MUST-main/uqv/uqv_base.fvecs
[PARAM] Modal2 base path: /Users/mac/github/MUST-main/uqv/uqv_modal2_base.ivecs
[PARAM] Index path: ../doc/index/uqv/uqv_MSAG.index
[PARAM] thread number: 64
[PARAM] Modal1 distance weight: -0.5
[PARAM] Modal2 distance weight: -0.5
[PARAM] L_candidate: 100
[PARAM] R_neighbor: 100
[PARAM] C_neighbor: 200
[PARAM] k_init_graph: 100
[PARAM] nn_size: 50
[PARAM] rnn_size: 25
[PARAM] pool_size: 200
[PARAM] iter time: 8
[PARAM] sample number: 100
[PARAM] graph quality threshold: 0.8
[PARAM] is norm for modal1?: 1
[PARAM] is norm for modal2?: 0
[PARAM] is skip number for modal2?: 0
[PARAM] skip number for modal2?: 0

2026-1-4-3-24-52

[RUN] Execution object: ../release/T-MSAG
[PARAM] Modal1 base path: ../doc/dataset/celeba/test/raw32/celeba_modal1_base.fvecs
[PARAM] Modal2 base path: ../doc/dataset/celeba/test/celeba_modal2_base.ivecs
[PARAM] Index path: ../doc/index/celeba/celeba_MSAG.index
[PARAM] thread number: 64
[PARAM] Modal1 distance weight: -0.084799
[PARAM] Modal2 distance weight: -1.185460
[PARAM] L_candidate: 100
[PARAM] R_neighbor: 30
[PARAM] C_neighbor: 200
[PARAM] k_init_graph: 100
[PARAM] nn_size: 50
[PARAM] rnn_size: 25
[PARAM] pool_size: 200
[PARAM] iter time: 8
[PARAM] sample number: 100
[PARAM] graph quality threshold: 0.8
[PARAM] is norm for modal1?: 1
[PARAM] is norm for modal2?: 0
[PARAM] is skip number for modal2?: 1
[PARAM] skip number for modal2?: 0
[EXEC] config_model init begin ...
[EXEC] config_model init finished, error code is 0 ...
[EXEC] config_npg init begin ...
[EXEC] config_npg init finished, error code is 0 ...
[EXEC] build init begin ...
[EXEC] c1_nssg init begin ...
[EXEC] normalize vector complete!
[PATH] modal 1 vector path: ../doc/dataset/celeba/test/raw32/celeba_modal1_base.fvecs
[PATH] modal 2 vector path: ../doc/dataset/celeba/test/celeba_modal2_base.ivecs
[PARAM] vector num: 19962
[PARAM] modal 1 vector dim: 40
[PARAM] modal 2 vector dim: 40
[EXEC] c1_nssg init finished, error code is 0 ...
[EXEC] c2_nssg init begin ...
[EXEC] c2_nssg init finished, error code is 0 ...
[EXEC] c3_nsg init begin ...
[EXEC] c3_nsg init finished, error code is 0 ...
[EXEC] build init finished, error code is 0 ...
[EXEC] save_index init begin ...
[EXEC] save_index init finished, error code is 0 ...
[EXEC] config_npg run begin ...
[TIME] config_npg time cost is : 0.00 ms
[EXEC] config_npg run finished, error code is 0 ...
[EXEC] config_model run begin ...
[TIME] config_model time cost is : 0.00 ms
[EXEC] config_model run finished, error code is 0 ...
[EXEC] build run begin ...
[EXEC] c1_nssg run begin ...
[NNDESCENT] iter: 0, graph quality: 0.361100
[NNDESCENT] iter: 1, graph quality: 0.989700
[OPENMP] nndescent openmp init complete!
[TIME] c1_nssg time cost is : 22140.92 ms
[EXEC] c1_nssg run finished, error code is 0 ...
[EXEC] c2_nssg run begin ...
[TIME] c2_nssg time cost is : 56.13 ms
[EXEC] c2_nssg run finished, error code is 0 ...
[EXEC] c3_nsg run begin ...
[TIME] c3_nsg time cost is : 166.72 ms
[EXEC] c3_nsg run finished, error code is 0 ...
[TIME] build time cost is : 22363.79 ms
[EXEC] build run finished, error code is 0 ...
[EXEC] save_index run begin ...
[TIME] save_index time cost is : 0.00 ms
[EXEC] save_index run finished, error code is 0 ...
[EXEC] config_model destroy begin ...
[EXEC] config_model destroy finished, error code is 0 ...
[EXEC] config_npg destroy begin ...
[EXEC] config_npg destroy finished, error code is 0 ...
[EXEC] build destroy begin ...
[EXEC] c1_nssg destroy begin ...
[EXEC] c1_nssg destroy finished, error code is 0 ...
[EXEC] c2_nssg destroy begin ...
[EXEC] c2_nssg destroy finished, error code is 0 ...
[EXEC] c3_nsg destroy begin ...
[EXEC] c3_nsg destroy finished, error code is 0 ...
[EXEC] build destroy finished, error code is 0 ...
[EXEC] save_index destroy begin ...
[EXEC] save_index destroy finished, error code is 0 ...

2026-1-4-4-22-20

[RUN] Execution object: ../release/T-MSAG
[PARAM] Modal1 base path: /Users/mac/github/MUST-main/uqv/uqv_base.fvecs
[PARAM] Modal2 base path: /Users/mac/github/MUST-main/uqv/uqv_modal2_base.ivecs
[PARAM] Index path: ../doc/index/uqv/uqv_MSAG.index
[PARAM] thread number: 64
[PARAM] Modal1 distance weight: -0.5
[PARAM] Modal2 distance weight: -0.5
[PARAM] L_candidate: 100
[PARAM] R_neighbor: 100
[PARAM] C_neighbor: 200
[PARAM] k_init_graph: 100
[PARAM] nn_size: 50
[PARAM] rnn_size: 25
[PARAM] pool_size: 200
[PARAM] iter time: 8
[PARAM] sample number: 100
[PARAM] graph quality threshold: 0.8
[PARAM] is norm for modal1?: 1
[PARAM] is norm for modal2?: 0
[PARAM] is skip number for modal2?: 0
[PARAM] skip number for modal2?: 0
[EXEC] config_model init begin ...
[EXEC] config_model init finished, error code is 0 ...
[EXEC] config_npg init begin ...
[EXEC] config_npg init finished, error code is 0 ...
[EXEC] build init begin ...
[EXEC] c1_nssg init begin ...
[EXEC] normalize vector complete!
[PATH] modal 1 vector path: /Users/mac/github/MUST-main/uqv/uqv_base.fvecs
[PATH] modal 2 vector path: /Users/mac/github/MUST-main/uqv/uqv_modal2_base.ivecs
[PARAM] vector num: 1000000
[PARAM] modal 1 vector dim: 256
[PARAM] modal 2 vector dim: 9
[EXEC] c1_nssg init finished, error code is 0 ...
[EXEC] c2_nssg init begin ...
[EXEC] c2_nssg init finished, error code is 0 ...
[EXEC] c3_nsg init begin ...
[EXEC] c3_nsg init finished, error code is 0 ...
[EXEC] build init finished, error code is 0 ...
[EXEC] save_index init begin ...
[EXEC] save_index init finished, error code is 0 ...
[EXEC] config_npg run begin ...
[TIME] config_npg time cost is : 0.00 ms
[EXEC] config_npg run finished, error code is 0 ...
[EXEC] config_model run begin ...
[TIME] config_model time cost is : 0.00 ms
[EXEC] config_model run finished, error code is 0 ...
[EXEC] build run begin ...
[EXEC] c1_nssg run begin ...
[NNDESCENT] iter: 0, graph quality: 0.010100
[NNDESCENT] iter: 1, graph quality: 0.683100
[NNDESCENT] iter: 2, graph quality: 0.974000
[OPENMP] nndescent openmp init complete!
[TIME] c1_nssg time cost is : 6496019.91 ms
[EXEC] c1_nssg run finished, error code is 0 ...
[EXEC] c2_nssg run begin ...
[TIME] c2_nssg time cost is : 38918.98 ms
[EXEC] c2_nssg run finished, error code is 0 ...
[EXEC] c3_nsg run begin ...
[TIME] c3_nsg time cost is : 192968.64 ms
[EXEC] c3_nsg run finished, error code is 0 ...
[TIME] build time cost is : 6727908.07 ms
[EXEC] build run finished, error code is 0 ...
[EXEC] save_index run begin ...
[TIME] save_index time cost is : 0.00 ms
[EXEC] save_index run finished, error code is 0 ...
[EXEC] config_model destroy begin ...
[EXEC] config_model destroy finished, error code is 0 ...
[EXEC] config_npg destroy begin ...
[EXEC] config_npg destroy finished, error code is 0 ...
[EXEC] build destroy begin ...
[EXEC] c1_nssg destroy begin ...
[EXEC] c1_nssg destroy finished, error code is 0 ...
[EXEC] c2_nssg destroy begin ...
[EXEC] c2_nssg destroy finished, error code is 0 ...
[EXEC] c3_nsg destroy begin ...
[EXEC] c3_nsg destroy finished, error code is 0 ...
[EXEC] build destroy finished, error code is 0 ...
[EXEC] save_index destroy begin ...
[EXEC] save_index destroy finished, error code is 0 ...

2026-1-4-8-21-23

[RUN] Execution object: ../release/T-MSAG
[PARAM] Modal1 base path: ../doc/dataset/celeba/test/resnet50_encode/celeba_modal1_base.fvecs
[PARAM] Modal2 base path: ../doc/dataset/celeba/test/celeba_modal2_base.ivecs
[PARAM] Index path: ../doc/index/celeba/celeba_MSAG.index
[PARAM] thread number: 64
[PARAM] Modal1 distance weight: -0.084799
[PARAM] Modal2 distance weight: -1.185460
[PARAM] L_candidate: 100
[PARAM] R_neighbor: 30
[PARAM] C_neighbor: 200
[PARAM] k_init_graph: 100
[PARAM] nn_size: 50
[PARAM] rnn_size: 25
[PARAM] pool_size: 200
[PARAM] iter time: 8
[PARAM] sample number: 100
[PARAM] graph quality threshold: 0.8
[PARAM] is norm for modal1?: 1
[PARAM] is norm for modal2?: 0
[PARAM] is skip number for modal2?: 1
[PARAM] skip number for modal2?: 0
[EXEC] config_model init begin ...
[EXEC] config_model init finished, error code is 0 ...
[EXEC] config_npg init begin ...
[EXEC] config_npg init finished, error code is 0 ...
[EXEC] build init begin ...
[EXEC] c1_nssg init begin ...
[EXEC] c1_nssg init finished, error code is -1 ...
[CGraph] [2026-01-04 08:21:23.754] /Users/mac/github/MUST-main/indexing_and_search/CGraph/src/GraphCtrl/GraphElement/GGroup/GCluster/GCluster.cpp | init | line = [40], errorCode = [-1], errorInfo = [C1InitializationBasic init load param failed].
[EXEC] build init finished, error code is -1 ...
[CGraph] [2026-01-04 08:21:23.754] /Users/mac/github/MUST-main/indexing_and_search/CGraph/src/GraphCtrl/GraphElement/GElementManager.cpp | init | line = [31], errorCode = [-1], errorInfo = [C1InitializationBasic init load param failed].
[CGraph] [2026-01-04 08:21:23.754] /Users/mac/github/MUST-main/indexing_and_search/CGraph/src/GraphCtrl/GraphPipeline/GPipeline.cpp | init | line = [44], errorCode = [-1], errorInfo = [C1InitializationBasic init load param failed].
[CGraph] [2026-01-04 08:21:23.754] /Users/mac/github/MUST-main/indexing_and_search/CGraph/src/GraphCtrl/GraphPipeline/GPipeline.cpp | process | line = [83], errorCode = [-1], errorInfo = [C1InitializationBasic init load param failed].
[CGraph] [2026-01-04 08:21:23.754] process graph error, error info is [C1InitializationBasic init load param failed]

2026-1-4-8-26-11

[RUN] Execution object: ../release/T-MSAG
[PARAM] Modal1 base path: ../doc/dataset/celeba/test/resnet50_encode/celeba_modal1_base.fvecs
[PARAM] Modal2 base path: ../doc/dataset/celeba/test/celeba_modal2_base.ivecs
[PARAM] Index path: ../doc/index/celeba/celeba_MSAG.index
[PARAM] thread number: 64
[PARAM] Modal1 distance weight: -0.084799
[PARAM] Modal2 distance weight: -1.185460
[PARAM] L_candidate: 100
[PARAM] R_neighbor: 30
[PARAM] C_neighbor: 200
[PARAM] k_init_graph: 100
[PARAM] nn_size: 50
[PARAM] rnn_size: 25
[PARAM] pool_size: 200
[PARAM] iter time: 8
[PARAM] sample number: 100
[PARAM] graph quality threshold: 0.8
[PARAM] is norm for modal1?: 1
[PARAM] is norm for modal2?: 0
[PARAM] is skip number for modal2?: 1
[PARAM] skip number for modal2?: 0
[EXEC] config_model init begin ...
[EXEC] config_model init finished, error code is 0 ...
[EXEC] config_npg init begin ...
[EXEC] config_npg init finished, error code is 0 ...
[EXEC] build init begin ...
[EXEC] c1_nssg init begin ...
[EXEC] normalize vector complete!
[PATH] modal 1 vector path: ../doc/dataset/celeba/test/resnet50_encode/celeba_modal1_base.fvecs
[PATH] modal 2 vector path: ../doc/dataset/celeba/test/celeba_modal2_base.ivecs
[PARAM] vector num: 19962
[PARAM] modal 1 vector dim: 2048
[PARAM] modal 2 vector dim: 40
[EXEC] c1_nssg init finished, error code is 0 ...
[EXEC] c2_nssg init begin ...
[EXEC] c2_nssg init finished, error code is 0 ...
[EXEC] c3_nsg init begin ...
[EXEC] c3_nsg init finished, error code is 0 ...
[EXEC] build init finished, error code is 0 ...
[EXEC] save_index init begin ...
[EXEC] save_index init finished, error code is 0 ...
[EXEC] config_npg run begin ...
[TIME] config_npg time cost is : 0.03 ms
[EXEC] config_npg run finished, error code is 0 ...
[EXEC] config_model run begin ...
[TIME] config_model time cost is : 0.00 ms
[EXEC] config_model run finished, error code is 0 ...
[EXEC] build run begin ...
[EXEC] c1_nssg run begin ...
[NNDESCENT] iter: 0, graph quality: 0.368500
[NNDESCENT] iter: 1, graph quality: 0.984700
[OPENMP] nndescent openmp init complete!
[TIME] c1_nssg time cost is : 171110.00 ms
[EXEC] c1_nssg run finished, error code is 0 ...
[EXEC] c2_nssg run begin ...
[TIME] c2_nssg time cost is : 53.96 ms
[EXEC] c2_nssg run finished, error code is 0 ...
[EXEC] c3_nsg run begin ...
[TIME] c3_nsg time cost is : 2445.85 ms
[EXEC] c3_nsg run finished, error code is 0 ...
[TIME] build time cost is : 173609.83 ms
[EXEC] build run finished, error code is 0 ...
[EXEC] save_index run begin ...
[TIME] save_index time cost is : 0.00 ms
[EXEC] save_index run finished, error code is 0 ...
[EXEC] config_model destroy begin ...
[EXEC] config_model destroy finished, error code is 0 ...
[EXEC] config_npg destroy begin ...
[EXEC] config_npg destroy finished, error code is 0 ...
[EXEC] build destroy begin ...
[EXEC] c1_nssg destroy begin ...
[EXEC] c1_nssg destroy finished, error code is 0 ...
[EXEC] c2_nssg destroy begin ...
[EXEC] c2_nssg destroy finished, error code is 0 ...
[EXEC] c3_nsg destroy begin ...
[EXEC] c3_nsg destroy finished, error code is 0 ...
[EXEC] build destroy finished, error code is 0 ...
[EXEC] save_index destroy begin ...
[EXEC] save_index destroy finished, error code is 0 ...
